{"C:\\Users\\Vasiliki\\git\\gherkin-lint\\dist\\config-verifier.js":{"path":"C:\\Users\\Vasiliki\\git\\gherkin-lint\\dist\\config-verifier.js","statementMap":{"0":{"start":{"line":3,"column":12},"end":{"line":3,"column":33}},"1":{"start":{"line":6,"column":15},"end":{"line":6,"column":17}},"2":{"start":{"line":7,"column":2},"end":{"line":13,"column":3}},"3":{"start":{"line":8,"column":4},"end":{"line":12,"column":5}},"4":{"start":{"line":9,"column":6},"end":{"line":9,"column":56}},"5":{"start":{"line":11,"column":6},"end":{"line":11,"column":79}},"6":{"start":{"line":14,"column":2},"end":{"line":14,"column":16}},"7":{"start":{"line":18,"column":25},"end":{"line":18,"column":38}},"8":{"start":{"line":19,"column":24},"end":{"line":19,"column":74}},"9":{"start":{"line":21,"column":2},"end":{"line":50,"column":3}},"10":{"start":{"line":22,"column":4},"end":{"line":24,"column":5}},"11":{"start":{"line":23,"column":6},"end":{"line":23,"column":92}},"12":{"start":{"line":26,"column":4},"end":{"line":28,"column":5}},"13":{"start":{"line":27,"column":6},"end":{"line":27,"column":77}},"14":{"start":{"line":30,"column":18},"end":{"line":30,"column":58}},"15":{"start":{"line":33,"column":4},"end":{"line":45,"column":5}},"16":{"start":{"line":34,"column":6},"end":{"line":36,"column":8}},"17":{"start":{"line":35,"column":8},"end":{"line":35,"column":64}},"18":{"start":{"line":37,"column":6},"end":{"line":37,"column":105}},"19":{"start":{"line":39,"column":6},"end":{"line":41,"column":8}},"20":{"start":{"line":40,"column":8},"end":{"line":40,"column":65}},"21":{"start":{"line":42,"column":6},"end":{"line":44,"column":7}},"22":{"start":{"line":43,"column":8},"end":{"line":43,"column":103}},"23":{"start":{"line":47,"column":4},"end":{"line":49,"column":5}},"24":{"start":{"line":48,"column":6},"end":{"line":48,"column":78}},"25":{"start":{"line":54,"column":16},"end":{"line":54,"column":56}},"26":{"start":{"line":55,"column":2},"end":{"line":57,"column":3}},"27":{"start":{"line":56,"column":4},"end":{"line":56,"column":116}},"28":{"start":{"line":60,"column":0},"end":{"line":60,"column":41}}},"fnMap":{"0":{"name":"verifyConfigurationFile","decl":{"start":{"line":5,"column":9},"end":{"line":5,"column":32}},"loc":{"start":{"line":5,"column":62},"end":{"line":15,"column":1}},"line":5},"1":{"name":"verifyRuleConfiguration","decl":{"start":{"line":17,"column":9},"end":{"line":17,"column":32}},"loc":{"start":{"line":17,"column":80},"end":{"line":51,"column":1}},"line":17},"2":{"name":"isValidSubConfig","decl":{"start":{"line":34,"column":34},"end":{"line":34,"column":50}},"loc":{"start":{"line":34,"column":80},"end":{"line":36,"column":7}},"line":34},"3":{"name":"isValidSubConfig","decl":{"start":{"line":39,"column":34},"end":{"line":39,"column":50}},"loc":{"start":{"line":39,"column":80},"end":{"line":41,"column":7}},"line":39},"4":{"name":"testSubconfig","decl":{"start":{"line":53,"column":9},"end":{"line":53,"column":22}},"loc":{"start":{"line":53,"column":104},"end":{"line":58,"column":1}},"line":53}},"branchMap":{"0":{"loc":{"start":{"line":8,"column":4},"end":{"line":12,"column":5}},"type":"if","locations":[{"start":{"line":8,"column":4},"end":{"line":12,"column":5}},{"start":{"line":8,"column":4},"end":{"line":12,"column":5}}],"line":8},"1":{"loc":{"start":{"line":21,"column":2},"end":{"line":50,"column":3}},"type":"if","locations":[{"start":{"line":21,"column":2},"end":{"line":50,"column":3}},{"start":{"line":21,"column":2},"end":{"line":50,"column":3}}],"line":21},"2":{"loc":{"start":{"line":22,"column":4},"end":{"line":24,"column":5}},"type":"if","locations":[{"start":{"line":22,"column":4},"end":{"line":24,"column":5}},{"start":{"line":22,"column":4},"end":{"line":24,"column":5}}],"line":22},"3":{"loc":{"start":{"line":26,"column":4},"end":{"line":28,"column":5}},"type":"if","locations":[{"start":{"line":26,"column":4},"end":{"line":28,"column":5}},{"start":{"line":26,"column":4},"end":{"line":28,"column":5}}],"line":26},"4":{"loc":{"start":{"line":33,"column":4},"end":{"line":45,"column":5}},"type":"if","locations":[{"start":{"line":33,"column":4},"end":{"line":45,"column":5}},{"start":{"line":33,"column":4},"end":{"line":45,"column":5}}],"line":33},"5":{"loc":{"start":{"line":47,"column":4},"end":{"line":49,"column":5}},"type":"if","locations":[{"start":{"line":47,"column":4},"end":{"line":49,"column":5}},{"start":{"line":47,"column":4},"end":{"line":49,"column":5}}],"line":47},"6":{"loc":{"start":{"line":55,"column":2},"end":{"line":57,"column":3}},"type":"if","locations":[{"start":{"line":55,"column":2},"end":{"line":57,"column":3}},{"start":{"line":55,"column":2},"end":{"line":57,"column":3}}],"line":55}},"s":{"0":1,"1":11,"2":11,"3":25,"4":2,"5":23,"6":11,"7":23,"8":23,"9":23,"10":9,"11":2,"12":9,"13":2,"14":9,"15":9,"16":4,"17":4,"18":4,"19":5,"20":14,"21":5,"22":14,"23":14,"24":1,"25":18,"26":18,"27":2,"28":1},"f":{"0":11,"1":23,"2":4,"3":14,"4":18},"b":{"0":[2,23],"1":[9,14],"2":[2,7],"3":[2,7],"4":[4,5],"5":[1,13],"6":[2,16]},"_coverageSchema":"43e27e138ebf9cfc5966b082cf9a028302ed4184","hash":"11423da6c25255435f2cfcae73f308ee108139bd","contentHash":"d221315bd5bda7be93f95d595a68f1ba8bc3fc77da5777afaf64eda592dc7754"},"C:\\Users\\Vasiliki\\git\\gherkin-lint\\dist\\rules.js":{"path":"C:\\Users\\Vasiliki\\git\\gherkin-lint\\dist\\rules.js","statementMap":{"0":{"start":{"line":5,"column":9},"end":{"line":5,"column":22}},"1":{"start":{"line":6,"column":11},"end":{"line":6,"column":26}},"2":{"start":{"line":9,"column":14},"end":{"line":9,"column":16}},"3":{"start":{"line":10,"column":18},"end":{"line":10,"column":83}},"4":{"start":{"line":11,"column":2},"end":{"line":17,"column":5}},"5":{"start":{"line":12,"column":4},"end":{"line":12,"column":38}},"6":{"start":{"line":13,"column":4},"end":{"line":16,"column":7}},"7":{"start":{"line":14,"column":17},"end":{"line":14,"column":51}},"8":{"start":{"line":15,"column":6},"end":{"line":15,"column":30}},"9":{"start":{"line":18,"column":2},"end":{"line":18,"column":15}},"10":{"start":{"line":22,"column":2},"end":{"line":22,"column":48}},"11":{"start":{"line":26,"column":2},"end":{"line":26,"column":58}},"12":{"start":{"line":30,"column":2},"end":{"line":32,"column":3}},"13":{"start":{"line":31,"column":4},"end":{"line":31,"column":34}},"14":{"start":{"line":33,"column":2},"end":{"line":33,"column":29}},"15":{"start":{"line":37,"column":15},"end":{"line":37,"column":17}},"16":{"start":{"line":38,"column":27},"end":{"line":38,"column":32}},"17":{"start":{"line":39,"column":14},"end":{"line":39,"column":46}},"18":{"start":{"line":40,"column":2},"end":{"line":55,"column":5}},"19":{"start":{"line":41,"column":15},"end":{"line":41,"column":30}},"20":{"start":{"line":42,"column":4},"end":{"line":54,"column":5}},"21":{"start":{"line":43,"column":23},"end":{"line":43,"column":97}},"22":{"start":{"line":44,"column":18},"end":{"line":44,"column":53}},"23":{"start":{"line":46,"column":6},"end":{"line":53,"column":7}},"24":{"start":{"line":47,"column":8},"end":{"line":52,"column":9}},"25":{"start":{"line":48,"column":10},"end":{"line":48,"column":27}},"26":{"start":{"line":49,"column":10},"end":{"line":49,"column":36}},"27":{"start":{"line":51,"column":10},"end":{"line":51,"column":40}},"28":{"start":{"line":56,"column":2},"end":{"line":56,"column":16}},"29":{"start":{"line":59,"column":0},"end":{"line":64,"column":2}}},"fnMap":{"0":{"name":"getAllRules","decl":{"start":{"line":8,"column":9},"end":{"line":8,"column":20}},"loc":{"start":{"line":8,"column":42},"end":{"line":19,"column":1}},"line":8},"1":{"name":"(anonymous_1)","decl":{"start":{"line":11,"column":20},"end":{"line":11,"column":21}},"loc":{"start":{"line":11,"column":40},"end":{"line":17,"column":3}},"line":11},"2":{"name":"(anonymous_2)","decl":{"start":{"line":13,"column":37},"end":{"line":13,"column":38}},"loc":{"start":{"line":13,"column":53},"end":{"line":16,"column":5}},"line":13},"3":{"name":"getRule","decl":{"start":{"line":21,"column":9},"end":{"line":21,"column":16}},"loc":{"start":{"line":21,"column":44},"end":{"line":23,"column":1}},"line":21},"4":{"name":"doesRuleExist","decl":{"start":{"line":25,"column":9},"end":{"line":25,"column":22}},"loc":{"start":{"line":25,"column":50},"end":{"line":27,"column":1}},"line":25},"5":{"name":"isRuleEnabled","decl":{"start":{"line":29,"column":9},"end":{"line":29,"column":22}},"loc":{"start":{"line":29,"column":35},"end":{"line":34,"column":1}},"line":29},"6":{"name":"runAllEnabledRules","decl":{"start":{"line":36,"column":9},"end":{"line":36,"column":27}},"loc":{"start":{"line":36,"column":79},"end":{"line":57,"column":1}},"line":36},"7":{"name":"(anonymous_7)","decl":{"start":{"line":40,"column":29},"end":{"line":40,"column":30}},"loc":{"start":{"line":40,"column":49},"end":{"line":55,"column":3}},"line":40}},"branchMap":{"0":{"loc":{"start":{"line":10,"column":57},"end":{"line":10,"column":82}},"type":"binary-expr","locations":[{"start":{"line":10,"column":57},"end":{"line":10,"column":76}},{"start":{"line":10,"column":80},"end":{"line":10,"column":82}}],"line":10},"1":{"loc":{"start":{"line":30,"column":2},"end":{"line":32,"column":3}},"type":"if","locations":[{"start":{"line":30,"column":2},"end":{"line":32,"column":3}},{"start":{"line":30,"column":2},"end":{"line":32,"column":3}}],"line":30},"2":{"loc":{"start":{"line":42,"column":4},"end":{"line":54,"column":5}},"type":"if","locations":[{"start":{"line":42,"column":4},"end":{"line":54,"column":5}},{"start":{"line":42,"column":4},"end":{"line":54,"column":5}}],"line":42},"3":{"loc":{"start":{"line":42,"column":8},"end":{"line":42,"column":70}},"type":"binary-expr","locations":[{"start":{"line":42,"column":8},"end":{"line":42,"column":47}},{"start":{"line":42,"column":51},"end":{"line":42,"column":70}}],"line":42},"4":{"loc":{"start":{"line":43,"column":23},"end":{"line":43,"column":97}},"type":"cond-expr","locations":[{"start":{"line":43,"column":65},"end":{"line":43,"column":92}},{"start":{"line":43,"column":95},"end":{"line":43,"column":97}}],"line":43},"5":{"loc":{"start":{"line":46,"column":6},"end":{"line":53,"column":7}},"type":"if","locations":[{"start":{"line":46,"column":6},"end":{"line":53,"column":7}},{"start":{"line":46,"column":6},"end":{"line":53,"column":7}}],"line":46},"6":{"loc":{"start":{"line":47,"column":8},"end":{"line":52,"column":9}},"type":"if","locations":[{"start":{"line":47,"column":8},"end":{"line":52,"column":9}},{"start":{"line":47,"column":8},"end":{"line":52,"column":9}}],"line":47}},"s":{"0":1,"1":1,"2":53,"3":53,"4":53,"5":67,"6":67,"7":1293,"8":1293,"9":53,"10":52,"11":25,"12":27,"13":1,"14":26,"15":1,"16":1,"17":1,"18":1,"19":27,"20":27,"21":4,"22":4,"23":4,"24":4,"25":0,"26":0,"27":4,"28":1,"29":1},"f":{"0":53,"1":67,"2":1293,"3":52,"4":25,"5":27,"6":1,"7":27},"b":{"0":[53,46],"1":[1,26],"2":[4,23],"3":[27,4],"4":[1,3],"5":[4,0],"6":[0,4]},"_coverageSchema":"43e27e138ebf9cfc5966b082cf9a028302ed4184","hash":"8515b617a2ea65b8dc8ffa658e1ac45a30d72cd8","contentHash":"3a4d72c1cc993e2bae7d0a23d40f4eaf9b7c3aebe06e761b7ac3526945067f53"},"C:\\Users\\Vasiliki\\git\\gherkin-lint\\dist\\feature-finder.js":{"path":"C:\\Users\\Vasiliki\\git\\gherkin-lint\\dist\\feature-finder.js","statementMap":{"0":{"start":{"line":3,"column":8},"end":{"line":3,"column":25}},"1":{"start":{"line":4,"column":11},"end":{"line":4,"column":26}},"2":{"start":{"line":5,"column":9},"end":{"line":5,"column":22}},"3":{"start":{"line":6,"column":11},"end":{"line":6,"column":26}},"4":{"start":{"line":7,"column":13},"end":{"line":7,"column":35}},"5":{"start":{"line":9,"column":28},"end":{"line":9,"column":49}},"6":{"start":{"line":10,"column":26},"end":{"line":10,"column":43}},"7":{"start":{"line":13,"column":14},"end":{"line":13,"column":16}},"8":{"start":{"line":14,"column":17},"end":{"line":14,"column":43}},"9":{"start":{"line":16,"column":2},"end":{"line":43,"column":5}},"10":{"start":{"line":20,"column":4},"end":{"line":34,"column":5}},"11":{"start":{"line":21,"column":6},"end":{"line":21,"column":36}},"12":{"start":{"line":22,"column":11},"end":{"line":34,"column":5}},"13":{"start":{"line":23,"column":6},"end":{"line":23,"column":55}},"14":{"start":{"line":24,"column":11},"end":{"line":34,"column":5}},"15":{"start":{"line":25,"column":6},"end":{"line":25,"column":29}},"16":{"start":{"line":27,"column":6},"end":{"line":33,"column":7}},"17":{"start":{"line":28,"column":8},"end":{"line":30,"column":9}},"18":{"start":{"line":29,"column":10},"end":{"line":29,"column":60}},"19":{"start":{"line":36,"column":4},"end":{"line":39,"column":5}},"20":{"start":{"line":37,"column":6},"end":{"line":37,"column":168}},"21":{"start":{"line":38,"column":6},"end":{"line":38,"column":22}},"22":{"start":{"line":41,"column":22},"end":{"line":41,"column":62}},"23":{"start":{"line":42,"column":4},"end":{"line":42,"column":63}},"24":{"start":{"line":44,"column":2},"end":{"line":44,"column":23}},"25":{"start":{"line":48,"column":2},"end":{"line":61,"column":3}},"26":{"start":{"line":49,"column":4},"end":{"line":49,"column":21}},"27":{"start":{"line":50,"column":9},"end":{"line":61,"column":3}},"28":{"start":{"line":52,"column":4},"end":{"line":58,"column":7}},"29":{"start":{"line":54,"column":6},"end":{"line":56,"column":7}},"30":{"start":{"line":55,"column":8},"end":{"line":55,"column":20}},"31":{"start":{"line":57,"column":6},"end":{"line":57,"column":19}},"32":{"start":{"line":60,"column":4},"end":{"line":60,"column":31}},"33":{"start":{"line":64,"column":0},"end":{"line":67,"column":2}}},"fnMap":{"0":{"name":"getFeatureFiles","decl":{"start":{"line":12,"column":9},"end":{"line":12,"column":24}},"loc":{"start":{"line":12,"column":42},"end":{"line":45,"column":1}},"line":12},"1":{"name":"(anonymous_1)","decl":{"start":{"line":16,"column":19},"end":{"line":16,"column":20}},"loc":{"start":{"line":16,"column":38},"end":{"line":43,"column":3}},"line":16},"2":{"name":"getIgnorePatterns","decl":{"start":{"line":47,"column":9},"end":{"line":47,"column":26}},"loc":{"start":{"line":47,"column":38},"end":{"line":62,"column":1}},"line":47},"3":{"name":"(anonymous_3)","decl":{"start":{"line":52,"column":85},"end":{"line":52,"column":86}},"loc":{"start":{"line":52,"column":98},"end":{"line":58,"column":5}},"line":52}},"branchMap":{"0":{"loc":{"start":{"line":14,"column":17},"end":{"line":14,"column":43}},"type":"cond-expr","locations":[{"start":{"line":14,"column":31},"end":{"line":14,"column":35}},{"start":{"line":14,"column":38},"end":{"line":14,"column":43}}],"line":14},"1":{"loc":{"start":{"line":20,"column":4},"end":{"line":34,"column":5}},"type":"if","locations":[{"start":{"line":20,"column":4},"end":{"line":34,"column":5}},{"start":{"line":20,"column":4},"end":{"line":34,"column":5}}],"line":20},"2":{"loc":{"start":{"line":22,"column":11},"end":{"line":34,"column":5}},"type":"if","locations":[{"start":{"line":22,"column":11},"end":{"line":34,"column":5}},{"start":{"line":22,"column":11},"end":{"line":34,"column":5}}],"line":22},"3":{"loc":{"start":{"line":24,"column":11},"end":{"line":34,"column":5}},"type":"if","locations":[{"start":{"line":24,"column":11},"end":{"line":34,"column":5}},{"start":{"line":24,"column":11},"end":{"line":34,"column":5}}],"line":24},"4":{"loc":{"start":{"line":28,"column":8},"end":{"line":30,"column":9}},"type":"if","locations":[{"start":{"line":28,"column":8},"end":{"line":30,"column":9}},{"start":{"line":28,"column":8},"end":{"line":30,"column":9}}],"line":28},"5":{"loc":{"start":{"line":36,"column":4},"end":{"line":39,"column":5}},"type":"if","locations":[{"start":{"line":36,"column":4},"end":{"line":39,"column":5}},{"start":{"line":36,"column":4},"end":{"line":39,"column":5}}],"line":36},"6":{"loc":{"start":{"line":48,"column":2},"end":{"line":61,"column":3}},"type":"if","locations":[{"start":{"line":48,"column":2},"end":{"line":61,"column":3}},{"start":{"line":48,"column":2},"end":{"line":61,"column":3}}],"line":48},"7":{"loc":{"start":{"line":50,"column":9},"end":{"line":61,"column":3}},"type":"if","locations":[{"start":{"line":50,"column":9},"end":{"line":61,"column":3}},{"start":{"line":50,"column":9},"end":{"line":61,"column":3}}],"line":50},"8":{"loc":{"start":{"line":54,"column":6},"end":{"line":56,"column":7}},"type":"if","locations":[{"start":{"line":54,"column":6},"end":{"line":56,"column":7}},{"start":{"line":54,"column":6},"end":{"line":56,"column":7}}],"line":54}},"s":{"0":1,"1":1,"2":1,"3":1,"4":1,"5":1,"6":1,"7":3,"8":3,"9":3,"10":4,"11":0,"12":4,"13":2,"14":2,"15":0,"16":2,"17":2,"18":2,"19":4,"20":0,"21":0,"22":4,"23":4,"24":3,"25":4,"26":1,"27":3,"28":0,"29":0,"30":0,"31":0,"32":3,"33":1},"f":{"0":3,"1":4,"2":4,"3":0},"b":{"0":[3,0],"1":[0,4],"2":[2,2],"3":[0,2],"4":[2,0],"5":[0,4],"6":[1,3],"7":[0,3],"8":[0,0]},"_coverageSchema":"43e27e138ebf9cfc5966b082cf9a028302ed4184","hash":"3e6fa216916a9d15d2d77301518331ca03de06f2","contentHash":"fadbe4c2a41481476eb2e47b77c7385c6c821d914c2e02574ff150f5981c8112"},"C:\\Users\\Vasiliki\\git\\gherkin-lint\\dist\\logger.js":{"path":"C:\\Users\\Vasiliki\\git\\gherkin-lint\\dist\\logger.js","statementMap":{"0":{"start":{"line":6,"column":2},"end":{"line":6,"column":48}},"1":{"start":{"line":10,"column":2},"end":{"line":10,"column":41}},"2":{"start":{"line":13,"column":0},"end":{"line":16,"column":2}}},"fnMap":{"0":{"name":"boldError","decl":{"start":{"line":5,"column":9},"end":{"line":5,"column":18}},"loc":{"start":{"line":5,"column":24},"end":{"line":7,"column":1}},"line":5},"1":{"name":"error","decl":{"start":{"line":9,"column":9},"end":{"line":9,"column":14}},"loc":{"start":{"line":9,"column":20},"end":{"line":11,"column":1}},"line":9}},"branchMap":{},"s":{"0":5,"1":1,"2":1},"f":{"0":5,"1":1},"b":{},"_coverageSchema":"43e27e138ebf9cfc5966b082cf9a028302ed4184","hash":"6a6050f30e02514f0d3227e58c7715069d60ccd2","contentHash":"a6abc99b05632fe3de8b673ed8d0cace66d7159e60e5dff34b04e404ad291bd6"},"C:\\Users\\Vasiliki\\git\\gherkin-lint\\dist\\linter.js":{"path":"C:\\Users\\Vasiliki\\git\\gherkin-lint\\dist\\linter.js","statementMap":{"0":{"start":{"line":3,"column":9},"end":{"line":3,"column":22}},"1":{"start":{"line":4,"column":8},"end":{"line":4,"column":25}},"2":{"start":{"line":5,"column":14},"end":{"line":5,"column":32}},"3":{"start":{"line":6,"column":13},"end":{"line":6,"column":33}},"4":{"start":{"line":7,"column":12},"end":{"line":7,"column":33}},"5":{"start":{"line":10,"column":20},"end":{"line":10,"column":54}},"6":{"start":{"line":11,"column":13},"end":{"line":14,"column":3}},"7":{"start":{"line":15,"column":16},"end":{"line":15,"column":55}},"8":{"start":{"line":17,"column":2},"end":{"line":17,"column":27}},"9":{"start":{"line":21,"column":15},"end":{"line":21,"column":17}},"10":{"start":{"line":23,"column":2},"end":{"line":40,"column":5}},"11":{"start":{"line":24,"column":17},"end":{"line":24,"column":19}},"12":{"start":{"line":25,"column":4},"end":{"line":37,"column":5}},"13":{"start":{"line":26,"column":30},"end":{"line":26,"column":56}},"14":{"start":{"line":27,"column":20},"end":{"line":27,"column":45}},"15":{"start":{"line":28,"column":17},"end":{"line":28,"column":39}},"16":{"start":{"line":30,"column":6},"end":{"line":30,"column":91}},"17":{"start":{"line":32,"column":6},"end":{"line":36,"column":7}},"18":{"start":{"line":33,"column":8},"end":{"line":33,"column":46}},"19":{"start":{"line":35,"column":8},"end":{"line":35,"column":16}},"20":{"start":{"line":38,"column":19},"end":{"line":38,"column":92}},"21":{"start":{"line":39,"column":4},"end":{"line":39,"column":26}},"22":{"start":{"line":42,"column":2},"end":{"line":42,"column":16}},"23":{"start":{"line":46,"column":18},"end":{"line":46,"column":20}},"24":{"start":{"line":47,"column":2},"end":{"line":51,"column":3}},"25":{"start":{"line":48,"column":17},"end":{"line":48,"column":57}},"26":{"start":{"line":49,"column":4},"end":{"line":49,"column":27}},"27":{"start":{"line":50,"column":4},"end":{"line":50,"column":33}},"28":{"start":{"line":52,"column":2},"end":{"line":54,"column":5}},"29":{"start":{"line":53,"column":4},"end":{"line":53,"column":50}},"30":{"start":{"line":55,"column":2},"end":{"line":55,"column":19}},"31":{"start":{"line":59,"column":18},"end":{"line":59,"column":20}},"32":{"start":{"line":60,"column":14},"end":{"line":60,"column":15}},"33":{"start":{"line":61,"column":2},"end":{"line":77,"column":3}},"34":{"start":{"line":63,"column":4},"end":{"line":67,"column":7}},"35":{"start":{"line":69,"column":4},"end":{"line":69,"column":14}},"36":{"start":{"line":70,"column":4},"end":{"line":76,"column":5}},"37":{"start":{"line":70,"column":17},"end":{"line":70,"column":18}},"38":{"start":{"line":71,"column":6},"end":{"line":75,"column":7}},"39":{"start":{"line":72,"column":8},"end":{"line":72,"column":18}},"40":{"start":{"line":74,"column":8},"end":{"line":74,"column":14}},"41":{"start":{"line":78,"column":2},"end":{"line":78,"column":78}},"42":{"start":{"line":82,"column":18},"end":{"line":82,"column":54}},"43":{"start":{"line":85,"column":2},"end":{"line":100,"column":3}},"44":{"start":{"line":86,"column":4},"end":{"line":86,"column":83}},"45":{"start":{"line":87,"column":4},"end":{"line":87,"column":43}},"46":{"start":{"line":88,"column":9},"end":{"line":100,"column":3}},"47":{"start":{"line":89,"column":4},"end":{"line":89,"column":80}},"48":{"start":{"line":90,"column":4},"end":{"line":90,"column":34}},"49":{"start":{"line":91,"column":9},"end":{"line":100,"column":3}},"50":{"start":{"line":92,"column":4},"end":{"line":92,"column":89}},"51":{"start":{"line":93,"column":4},"end":{"line":93,"column":38}},"52":{"start":{"line":94,"column":9},"end":{"line":100,"column":3}},"53":{"start":{"line":95,"column":4},"end":{"line":95,"column":114}},"54":{"start":{"line":96,"column":4},"end":{"line":96,"column":32}},"55":{"start":{"line":98,"column":4},"end":{"line":98,"column":29}},"56":{"start":{"line":99,"column":4},"end":{"line":99,"column":30}},"57":{"start":{"line":101,"column":2},"end":{"line":103,"column":22}},"58":{"start":{"line":106,"column":0},"end":{"line":109,"column":2}}},"fnMap":{"0":{"name":"readAndParseFile","decl":{"start":{"line":9,"column":9},"end":{"line":9,"column":25}},"loc":{"start":{"line":9,"column":36},"end":{"line":18,"column":1}},"line":9},"1":{"name":"lint","decl":{"start":{"line":20,"column":9},"end":{"line":20,"column":13}},"loc":{"start":{"line":20,"column":57},"end":{"line":43,"column":1}},"line":20},"2":{"name":"(anonymous_2)","decl":{"start":{"line":23,"column":16},"end":{"line":23,"column":17}},"loc":{"start":{"line":23,"column":36},"end":{"line":40,"column":3}},"line":23},"3":{"name":"processFatalErrors","decl":{"start":{"line":45,"column":9},"end":{"line":45,"column":27}},"loc":{"start":{"line":45,"column":36},"end":{"line":56,"column":1}},"line":45},"4":{"name":"(anonymous_4)","decl":{"start":{"line":52,"column":17},"end":{"line":52,"column":18}},"loc":{"start":{"line":52,"column":34},"end":{"line":54,"column":3}},"line":52},"5":{"name":"getFormatedTaggedBackgroundError","decl":{"start":{"line":58,"column":9},"end":{"line":58,"column":41}},"loc":{"start":{"line":58,"column":50},"end":{"line":79,"column":1}},"line":58},"6":{"name":"getFormattedFatalError","decl":{"start":{"line":81,"column":9},"end":{"line":81,"column":31}},"loc":{"start":{"line":81,"column":39},"end":{"line":104,"column":1}},"line":81}},"branchMap":{"0":{"loc":{"start":{"line":15,"column":16},"end":{"line":15,"column":55}},"type":"binary-expr","locations":[{"start":{"line":15,"column":16},"end":{"line":15,"column":49}},{"start":{"line":15,"column":53},"end":{"line":15,"column":55}}],"line":15},"1":{"loc":{"start":{"line":32,"column":6},"end":{"line":36,"column":7}},"type":"if","locations":[{"start":{"line":32,"column":6},"end":{"line":36,"column":7}},{"start":{"line":32,"column":6},"end":{"line":36,"column":7}}],"line":32},"2":{"loc":{"start":{"line":47,"column":2},"end":{"line":51,"column":3}},"type":"if","locations":[{"start":{"line":47,"column":2},"end":{"line":51,"column":3}},{"start":{"line":47,"column":2},"end":{"line":51,"column":3}}],"line":47},"3":{"loc":{"start":{"line":61,"column":2},"end":{"line":77,"column":3}},"type":"if","locations":[{"start":{"line":61,"column":2},"end":{"line":77,"column":3}},{"start":{"line":61,"column":2},"end":{"line":77,"column":3}}],"line":61},"4":{"loc":{"start":{"line":61,"column":6},"end":{"line":61,"column":167}},"type":"binary-expr","locations":[{"start":{"line":61,"column":6},"end":{"line":61,"column":56}},{"start":{"line":61,"column":60},"end":{"line":61,"column":167}}],"line":61},"5":{"loc":{"start":{"line":71,"column":6},"end":{"line":75,"column":7}},"type":"if","locations":[{"start":{"line":71,"column":6},"end":{"line":75,"column":7}},{"start":{"line":71,"column":6},"end":{"line":75,"column":7}}],"line":71},"6":{"loc":{"start":{"line":85,"column":2},"end":{"line":100,"column":3}},"type":"if","locations":[{"start":{"line":85,"column":2},"end":{"line":100,"column":3}},{"start":{"line":85,"column":2},"end":{"line":100,"column":3}}],"line":85},"7":{"loc":{"start":{"line":88,"column":9},"end":{"line":100,"column":3}},"type":"if","locations":[{"start":{"line":88,"column":9},"end":{"line":100,"column":3}},{"start":{"line":88,"column":9},"end":{"line":100,"column":3}}],"line":88},"8":{"loc":{"start":{"line":91,"column":9},"end":{"line":100,"column":3}},"type":"if","locations":[{"start":{"line":91,"column":9},"end":{"line":100,"column":3}},{"start":{"line":91,"column":9},"end":{"line":100,"column":3}}],"line":91},"9":{"loc":{"start":{"line":94,"column":9},"end":{"line":100,"column":3}},"type":"if","locations":[{"start":{"line":94,"column":9},"end":{"line":100,"column":3}},{"start":{"line":94,"column":9},"end":{"line":100,"column":3}}],"line":94},"10":{"loc":{"start":{"line":94,"column":13},"end":{"line":94,"column":346}},"type":"binary-expr","locations":[{"start":{"line":94,"column":13},"end":{"line":94,"column":170}},{"start":{"line":94,"column":174},"end":{"line":94,"column":346}}],"line":94}},"s":{"0":1,"1":1,"2":1,"3":1,"4":1,"5":81,"6":81,"7":81,"8":74,"9":8,"10":8,"11":8,"12":8,"13":8,"14":1,"15":1,"16":1,"17":7,"18":7,"19":0,"20":8,"21":8,"22":8,"23":7,"24":7,"25":1,"26":1,"27":1,"28":7,"29":6,"30":7,"31":1,"32":1,"33":1,"34":1,"35":1,"36":1,"37":1,"38":0,"39":0,"40":0,"41":1,"42":6,"43":6,"44":1,"45":1,"46":5,"47":1,"48":1,"49":4,"50":1,"51":1,"52":3,"53":3,"54":3,"55":0,"56":0,"57":6,"58":1},"f":{"0":81,"1":8,"2":8,"3":7,"4":6,"5":1,"6":6},"b":{"0":[81,5],"1":[7,0],"2":[1,6],"3":[1,0],"4":[1,1],"5":[0,0],"6":[1,5],"7":[1,4],"8":[1,3],"9":[3,0],"10":[3,1]},"_coverageSchema":"43e27e138ebf9cfc5966b082cf9a028302ed4184","hash":"db21a2363b7eee6e21de0727a7c27a0dfe812d99","contentHash":"0f07464aa30f85c27dfde9e25eafd7b309bae6a18ea48dbaefb7b95b97365ca0"},"C:\\Users\\Vasiliki\\git\\gherkin-lint\\dist\\rules\\allowed-tags.js":{"path":"C:\\Users\\Vasiliki\\git\\gherkin-lint\\dist\\rules\\allowed-tags.js","statementMap":{"0":{"start":{"line":3,"column":8},"end":{"line":3,"column":25}},"1":{"start":{"line":4,"column":11},"end":{"line":4,"column":25}},"2":{"start":{"line":5,"column":23},"end":{"line":7,"column":1}},"3":{"start":{"line":10,"column":20},"end":{"line":10,"column":38}},"4":{"start":{"line":12,"column":22},"end":{"line":12,"column":53}},"5":{"start":{"line":14,"column":23},"end":{"line":16,"column":22}},"6":{"start":{"line":15,"column":4},"end":{"line":15,"column":41}},"7":{"start":{"line":18,"column":2},"end":{"line":18,"column":46}},"8":{"start":{"line":22,"column":2},"end":{"line":26,"column":5}},"9":{"start":{"line":23,"column":4},"end":{"line":23,"column":40}},"10":{"start":{"line":25,"column":4},"end":{"line":25,"column":34}},"11":{"start":{"line":30,"column":2},"end":{"line":30,"column":43}},"12":{"start":{"line":34,"column":2},"end":{"line":36,"column":30}},"13":{"start":{"line":39,"column":0},"end":{"line":43,"column":2}}},"fnMap":{"0":{"name":"allowedTags","decl":{"start":{"line":9,"column":9},"end":{"line":9,"column":20}},"loc":{"start":{"line":9,"column":55},"end":{"line":19,"column":1}},"line":9},"1":{"name":"(anonymous_1)","decl":{"start":{"line":14,"column":47},"end":{"line":14,"column":48}},"loc":{"start":{"line":14,"column":64},"end":{"line":16,"column":3}},"line":14},"2":{"name":"checkTags","decl":{"start":{"line":21,"column":9},"end":{"line":21,"column":18}},"loc":{"start":{"line":21,"column":38},"end":{"line":27,"column":1}},"line":21},"3":{"name":"(anonymous_3)","decl":{"start":{"line":22,"column":34},"end":{"line":22,"column":35}},"loc":{"start":{"line":22,"column":49},"end":{"line":24,"column":3}},"line":22},"4":{"name":"(anonymous_4)","decl":{"start":{"line":24,"column":9},"end":{"line":24,"column":10}},"loc":{"start":{"line":24,"column":24},"end":{"line":26,"column":3}},"line":24},"5":{"name":"isAllowed","decl":{"start":{"line":29,"column":9},"end":{"line":29,"column":18}},"loc":{"start":{"line":29,"column":37},"end":{"line":31,"column":1}},"line":29},"6":{"name":"createError","decl":{"start":{"line":33,"column":9},"end":{"line":33,"column":20}},"loc":{"start":{"line":33,"column":32},"end":{"line":37,"column":1}},"line":33}},"branchMap":{"0":{"loc":{"start":{"line":22,"column":10},"end":{"line":22,"column":25}},"type":"binary-expr","locations":[{"start":{"line":22,"column":10},"end":{"line":22,"column":19}},{"start":{"line":22,"column":23},"end":{"line":22,"column":25}}],"line":22}},"s":{"0":1,"1":1,"2":1,"3":2,"4":2,"5":2,"6":6,"7":2,"8":8,"9":12,"10":6,"11":12,"12":6,"13":1},"f":{"0":2,"1":6,"2":8,"3":12,"4":6,"5":12,"6":6},"b":{"0":[8,2]},"_coverageSchema":"43e27e138ebf9cfc5966b082cf9a028302ed4184","hash":"44bc3214e6dc47a14404434be1e7bc9504961dfb","contentHash":"dbb90728fc3a3e3519ed1203eba3fc16af6e7d032b0d0a600c672873d9d88325"},"C:\\Users\\Vasiliki\\git\\gherkin-lint\\dist\\rules\\indentation.js":{"path":"C:\\Users\\Vasiliki\\git\\gherkin-lint\\dist\\rules\\indentation.js","statementMap":{"0":{"start":{"line":3,"column":8},"end":{"line":3,"column":25}},"1":{"start":{"line":4,"column":22},"end":{"line":4,"column":49}},"2":{"start":{"line":5,"column":11},"end":{"line":5,"column":24}},"3":{"start":{"line":7,"column":20},"end":{"line":19,"column":1}},"4":{"start":{"line":21,"column":23},"end":{"line":25,"column":2}},"5":{"start":{"line":28,"column":28},"end":{"line":28,"column":69}},"6":{"start":{"line":29,"column":2},"end":{"line":31,"column":3}},"7":{"start":{"line":30,"column":4},"end":{"line":30,"column":72}},"8":{"start":{"line":32,"column":2},"end":{"line":34,"column":3}},"9":{"start":{"line":33,"column":4},"end":{"line":33,"column":74}},"10":{"start":{"line":35,"column":2},"end":{"line":35,"column":29}},"11":{"start":{"line":39,"column":15},"end":{"line":39,"column":17}},"12":{"start":{"line":44,"column":4},"end":{"line":48,"column":5}},"13":{"start":{"line":45,"column":6},"end":{"line":47,"column":37}},"14":{"start":{"line":52,"column":18},"end":{"line":52,"column":30}},"15":{"start":{"line":53,"column":19},"end":{"line":55,"column":6}},"16":{"start":{"line":54,"column":6},"end":{"line":54,"column":71}},"17":{"start":{"line":56,"column":4},"end":{"line":56,"column":61}},"18":{"start":{"line":57,"column":4},"end":{"line":57,"column":34}},"19":{"start":{"line":61,"column":4},"end":{"line":61,"column":47}},"20":{"start":{"line":62,"column":4},"end":{"line":68,"column":7}},"21":{"start":{"line":63,"column":6},"end":{"line":63,"column":42}},"22":{"start":{"line":64,"column":6},"end":{"line":64,"column":53}},"23":{"start":{"line":65,"column":6},"end":{"line":67,"column":9}},"24":{"start":{"line":66,"column":8},"end":{"line":66,"column":38}},"25":{"start":{"line":72,"column":4},"end":{"line":75,"column":7}},"26":{"start":{"line":73,"column":21},"end":{"line":73,"column":73}},"27":{"start":{"line":74,"column":6},"end":{"line":74,"column":36}},"28":{"start":{"line":78,"column":2},"end":{"line":78,"column":36}},"29":{"start":{"line":79,"column":2},"end":{"line":79,"column":40}},"30":{"start":{"line":81,"column":2},"end":{"line":102,"column":5}},"31":{"start":{"line":82,"column":4},"end":{"line":99,"column":5}},"32":{"start":{"line":84,"column":8},"end":{"line":84,"column":43}},"33":{"start":{"line":85,"column":8},"end":{"line":85,"column":14}},"34":{"start":{"line":87,"column":8},"end":{"line":87,"column":41}},"35":{"start":{"line":88,"column":8},"end":{"line":88,"column":45}},"36":{"start":{"line":89,"column":8},"end":{"line":89,"column":14}},"37":{"start":{"line":91,"column":8},"end":{"line":91,"column":35}},"38":{"start":{"line":92,"column":8},"end":{"line":92,"column":45}},"39":{"start":{"line":93,"column":8},"end":{"line":93,"column":14}},"40":{"start":{"line":95,"column":8},"end":{"line":97,"column":39}},"41":{"start":{"line":98,"column":8},"end":{"line":98,"column":14}},"42":{"start":{"line":101,"column":4},"end":{"line":101,"column":34}},"43":{"start":{"line":104,"column":2},"end":{"line":104,"column":16}},"44":{"start":{"line":108,"column":2},"end":{"line":110,"column":3}},"45":{"start":{"line":109,"column":4},"end":{"line":109,"column":11}},"46":{"start":{"line":111,"column":28},"end":{"line":111,"column":61}},"47":{"start":{"line":113,"column":2},"end":{"line":113,"column":66}},"48":{"start":{"line":116,"column":0},"end":{"line":120,"column":2}}},"fnMap":{"0":{"name":"mergeConfiguration","decl":{"start":{"line":27,"column":9},"end":{"line":27,"column":27}},"loc":{"start":{"line":27,"column":43},"end":{"line":36,"column":1}},"line":27},"1":{"name":"testFeature","decl":{"start":{"line":38,"column":9},"end":{"line":38,"column":20}},"loc":{"start":{"line":38,"column":66},"end":{"line":105,"column":1}},"line":38},"2":{"name":"test","decl":{"start":{"line":41,"column":11},"end":{"line":41,"column":15}},"loc":{"start":{"line":41,"column":38},"end":{"line":49,"column":3}},"line":41},"3":{"name":"testStep","decl":{"start":{"line":51,"column":11},"end":{"line":51,"column":19}},"loc":{"start":{"line":51,"column":26},"end":{"line":58,"column":3}},"line":51},"4":{"name":"(anonymous_4)","decl":{"start":{"line":53,"column":64},"end":{"line":53,"column":65}},"loc":{"start":{"line":53,"column":82},"end":{"line":55,"column":5}},"line":53},"5":{"name":"testScenarioOutline","decl":{"start":{"line":60,"column":11},"end":{"line":60,"column":30}},"loc":{"start":{"line":60,"column":48},"end":{"line":69,"column":3}},"line":60},"6":{"name":"(anonymous_6)","decl":{"start":{"line":62,"column":37},"end":{"line":62,"column":38}},"loc":{"start":{"line":62,"column":57},"end":{"line":68,"column":5}},"line":62},"7":{"name":"(anonymous_7)","decl":{"start":{"line":65,"column":33},"end":{"line":65,"column":34}},"loc":{"start":{"line":65,"column":48},"end":{"line":67,"column":7}},"line":65},"8":{"name":"testTags","decl":{"start":{"line":71,"column":11},"end":{"line":71,"column":19}},"loc":{"start":{"line":71,"column":32},"end":{"line":76,"column":3}},"line":71},"9":{"name":"(anonymous_9)","decl":{"start":{"line":72,"column":45},"end":{"line":72,"column":46}},"loc":{"start":{"line":72,"column":73},"end":{"line":75,"column":5}},"line":72},"10":{"name":"(anonymous_10)","decl":{"start":{"line":81,"column":27},"end":{"line":81,"column":28}},"loc":{"start":{"line":81,"column":44},"end":{"line":102,"column":3}},"line":81},"11":{"name":"run","decl":{"start":{"line":107,"column":9},"end":{"line":107,"column":12}},"loc":{"start":{"line":107,"column":45},"end":{"line":114,"column":1}},"line":107}},"branchMap":{"0":{"loc":{"start":{"line":29,"column":2},"end":{"line":31,"column":3}},"type":"if","locations":[{"start":{"line":29,"column":2},"end":{"line":31,"column":3}},{"start":{"line":29,"column":2},"end":{"line":31,"column":3}}],"line":29},"1":{"loc":{"start":{"line":32,"column":2},"end":{"line":34,"column":3}},"type":"if","locations":[{"start":{"line":32,"column":2},"end":{"line":34,"column":3}},{"start":{"line":32,"column":2},"end":{"line":34,"column":3}}],"line":32},"2":{"loc":{"start":{"line":44,"column":4},"end":{"line":48,"column":5}},"type":"if","locations":[{"start":{"line":44,"column":4},"end":{"line":48,"column":5}},{"start":{"line":44,"column":4},"end":{"line":48,"column":5}}],"line":44},"3":{"loc":{"start":{"line":54,"column":13},"end":{"line":54,"column":70}},"type":"binary-expr","locations":[{"start":{"line":54,"column":13},"end":{"line":54,"column":36}},{"start":{"line":54,"column":40},"end":{"line":54,"column":70}}],"line":54},"4":{"loc":{"start":{"line":56,"column":15},"end":{"line":56,"column":60}},"type":"cond-expr","locations":[{"start":{"line":56,"column":43},"end":{"line":56,"column":51}},{"start":{"line":56,"column":54},"end":{"line":56,"column":60}}],"line":56},"5":{"loc":{"start":{"line":82,"column":4},"end":{"line":99,"column":5}},"type":"switch","locations":[{"start":{"line":83,"column":6},"end":{"line":85,"column":14}},{"start":{"line":86,"column":6},"end":{"line":89,"column":14}},{"start":{"line":90,"column":6},"end":{"line":93,"column":14}},{"start":{"line":94,"column":6},"end":{"line":98,"column":14}}],"line":82},"6":{"loc":{"start":{"line":108,"column":2},"end":{"line":110,"column":3}},"type":"if","locations":[{"start":{"line":108,"column":2},"end":{"line":110,"column":3}},{"start":{"line":108,"column":2},"end":{"line":110,"column":3}}],"line":108},"7":{"loc":{"start":{"line":108,"column":6},"end":{"line":108,"column":51}},"type":"binary-expr","locations":[{"start":{"line":108,"column":6},"end":{"line":108,"column":14}},{"start":{"line":108,"column":18},"end":{"line":108,"column":51}}],"line":108}},"s":{"0":1,"1":1,"2":1,"3":1,"4":1,"5":8,"6":8,"7":8,"8":8,"9":7,"10":8,"11":8,"12":110,"13":46,"14":21,"15":21,"16":196,"17":21,"18":21,"19":7,"20":7,"21":7,"22":7,"23":7,"24":11,"25":22,"26":35,"27":35,"28":8,"29":8,"30":8,"31":21,"32":7,"33":7,"34":7,"35":7,"36":7,"37":7,"38":7,"39":7,"40":0,"41":0,"42":21,"43":8,"44":8,"45":0,"46":8,"47":8,"48":1},"f":{"0":8,"1":8,"2":110,"3":21,"4":196,"5":7,"6":7,"7":11,"8":22,"9":35,"10":21,"11":8},"b":{"0":[8,0],"1":[7,1],"2":[46,64],"3":[196,168],"4":[0,21],"5":[7,7,7,0],"6":[0,8],"7":[8,8]},"_coverageSchema":"43e27e138ebf9cfc5966b082cf9a028302ed4184","hash":"c1e40a2b5ed73cbbab631e39c515c805c88b21e9","contentHash":"9a2fe6eb64039429d821d9060a67223b500de120e941c9a93ed23ea25e26f618"},"C:\\Users\\Vasiliki\\git\\gherkin-lint\\dist\\rules\\max-scenarios-per-file.js":{"path":"C:\\Users\\Vasiliki\\git\\gherkin-lint\\dist\\rules\\max-scenarios-per-file.js","statementMap":{"0":{"start":{"line":3,"column":8},"end":{"line":3,"column":25}},"1":{"start":{"line":4,"column":11},"end":{"line":4,"column":35}},"2":{"start":{"line":6,"column":20},"end":{"line":8,"column":1}},"3":{"start":{"line":11,"column":15},"end":{"line":11,"column":17}},"4":{"start":{"line":12,"column":14},"end":{"line":12,"column":15}},"5":{"start":{"line":13,"column":28},"end":{"line":13,"column":62}},"6":{"start":{"line":14,"column":21},"end":{"line":14,"column":53}},"7":{"start":{"line":16,"column":2},"end":{"line":31,"column":3}},"8":{"start":{"line":17,"column":4},"end":{"line":17,"column":44}},"9":{"start":{"line":19,"column":4},"end":{"line":30,"column":7}},"10":{"start":{"line":20,"column":6},"end":{"line":22,"column":7}},"11":{"start":{"line":21,"column":8},"end":{"line":21,"column":26}},"12":{"start":{"line":24,"column":6},"end":{"line":29,"column":7}},"13":{"start":{"line":25,"column":8},"end":{"line":25,"column":26}},"14":{"start":{"line":26,"column":8},"end":{"line":28,"column":11}},"15":{"start":{"line":27,"column":10},"end":{"line":27,"column":51}},"16":{"start":{"line":33,"column":2},"end":{"line":39,"column":3}},"17":{"start":{"line":34,"column":4},"end":{"line":38,"column":7}},"18":{"start":{"line":41,"column":2},"end":{"line":41,"column":16}},"19":{"start":{"line":44,"column":0},"end":{"line":48,"column":2}}},"fnMap":{"0":{"name":"maxScenariosPerFile","decl":{"start":{"line":10,"column":9},"end":{"line":10,"column":28}},"loc":{"start":{"line":10,"column":54},"end":{"line":42,"column":1}},"line":10},"1":{"name":"(anonymous_1)","decl":{"start":{"line":19,"column":29},"end":{"line":19,"column":30}},"loc":{"start":{"line":19,"column":49},"end":{"line":30,"column":5}},"line":19},"2":{"name":"(anonymous_2)","decl":{"start":{"line":26,"column":34},"end":{"line":26,"column":35}},"loc":{"start":{"line":26,"column":53},"end":{"line":28,"column":9}},"line":26}},"branchMap":{"0":{"loc":{"start":{"line":16,"column":2},"end":{"line":31,"column":3}},"type":"if","locations":[{"start":{"line":16,"column":2},"end":{"line":31,"column":3}},{"start":{"line":16,"column":2},"end":{"line":31,"column":3}}],"line":16},"1":{"loc":{"start":{"line":20,"column":6},"end":{"line":22,"column":7}},"type":"if","locations":[{"start":{"line":20,"column":6},"end":{"line":22,"column":7}},{"start":{"line":20,"column":6},"end":{"line":22,"column":7}}],"line":20},"2":{"loc":{"start":{"line":24,"column":6},"end":{"line":29,"column":7}},"type":"if","locations":[{"start":{"line":24,"column":6},"end":{"line":29,"column":7}},{"start":{"line":24,"column":6},"end":{"line":29,"column":7}}],"line":24},"3":{"loc":{"start":{"line":33,"column":2},"end":{"line":39,"column":3}},"type":"if","locations":[{"start":{"line":33,"column":2},"end":{"line":39,"column":3}},{"start":{"line":33,"column":2},"end":{"line":39,"column":3}}],"line":33}},"s":{"0":1,"1":1,"2":1,"3":5,"4":5,"5":5,"6":5,"7":5,"8":5,"9":5,"10":30,"11":1,"12":30,"13":3,"14":3,"15":3,"16":5,"17":2,"18":5,"19":1},"f":{"0":5,"1":30,"2":3},"b":{"0":[5,0],"1":[1,29],"2":[3,27],"3":[2,3]},"_coverageSchema":"43e27e138ebf9cfc5966b082cf9a028302ed4184","hash":"6e2efc2a5fcb7ef86ab134d4d3ef3fa36cbbdda8","contentHash":"f07247cd2de3351ec8aac9333a516cbab244b8b28b3c6d4de7d464432d664075"},"C:\\Users\\Vasiliki\\git\\gherkin-lint\\dist\\rules\\name-length.js":{"path":"C:\\Users\\Vasiliki\\git\\gherkin-lint\\dist\\rules\\name-length.js","statementMap":{"0":{"start":{"line":3,"column":8},"end":{"line":3,"column":25}},"1":{"start":{"line":4,"column":11},"end":{"line":4,"column":24}},"2":{"start":{"line":6,"column":23},"end":{"line":10,"column":1}},"3":{"start":{"line":12,"column":13},"end":{"line":12,"column":15}},"4":{"start":{"line":15,"column":2},"end":{"line":19,"column":3}},"5":{"start":{"line":16,"column":4},"end":{"line":18,"column":29}},"6":{"start":{"line":23,"column":2},"end":{"line":25,"column":3}},"7":{"start":{"line":24,"column":4},"end":{"line":24,"column":11}},"8":{"start":{"line":26,"column":28},"end":{"line":26,"column":68}},"9":{"start":{"line":27,"column":2},"end":{"line":27,"column":14}},"10":{"start":{"line":30,"column":2},"end":{"line":30,"column":71}},"11":{"start":{"line":32,"column":2},"end":{"line":52,"column":5}},"12":{"start":{"line":33,"column":4},"end":{"line":46,"column":5}},"13":{"start":{"line":37,"column":8},"end":{"line":37,"column":74}},"14":{"start":{"line":38,"column":8},"end":{"line":38,"column":14}},"15":{"start":{"line":40,"column":8},"end":{"line":40,"column":14}},"16":{"start":{"line":42,"column":8},"end":{"line":44,"column":39}},"17":{"start":{"line":45,"column":8},"end":{"line":45,"column":14}},"18":{"start":{"line":48,"column":4},"end":{"line":51,"column":7}},"19":{"start":{"line":50,"column":6},"end":{"line":50,"column":66}},"20":{"start":{"line":54,"column":2},"end":{"line":54,"column":16}},"21":{"start":{"line":57,"column":0},"end":{"line":61,"column":2}}},"fnMap":{"0":{"name":"test","decl":{"start":{"line":14,"column":9},"end":{"line":14,"column":13}},"loc":{"start":{"line":14,"column":51},"end":{"line":20,"column":1}},"line":14},"1":{"name":"nameLength","decl":{"start":{"line":22,"column":9},"end":{"line":22,"column":19}},"loc":{"start":{"line":22,"column":52},"end":{"line":55,"column":1}},"line":22},"2":{"name":"(anonymous_2)","decl":{"start":{"line":32,"column":27},"end":{"line":32,"column":28}},"loc":{"start":{"line":32,"column":44},"end":{"line":52,"column":3}},"line":32},"3":{"name":"(anonymous_3)","decl":{"start":{"line":48,"column":24},"end":{"line":48,"column":25}},"loc":{"start":{"line":48,"column":40},"end":{"line":51,"column":5}},"line":48}},"branchMap":{"0":{"loc":{"start":{"line":15,"column":2},"end":{"line":19,"column":3}},"type":"if","locations":[{"start":{"line":15,"column":2},"end":{"line":19,"column":3}},{"start":{"line":15,"column":2},"end":{"line":19,"column":3}}],"line":15},"1":{"loc":{"start":{"line":15,"column":6},"end":{"line":15,"column":47}},"type":"binary-expr","locations":[{"start":{"line":15,"column":6},"end":{"line":15,"column":10}},{"start":{"line":15,"column":14},"end":{"line":15,"column":47}}],"line":15},"2":{"loc":{"start":{"line":23,"column":2},"end":{"line":25,"column":3}},"type":"if","locations":[{"start":{"line":23,"column":2},"end":{"line":25,"column":3}},{"start":{"line":23,"column":2},"end":{"line":25,"column":3}}],"line":23},"3":{"loc":{"start":{"line":23,"column":6},"end":{"line":23,"column":51}},"type":"binary-expr","locations":[{"start":{"line":23,"column":6},"end":{"line":23,"column":14}},{"start":{"line":23,"column":18},"end":{"line":23,"column":51}}],"line":23},"4":{"loc":{"start":{"line":33,"column":4},"end":{"line":46,"column":5}},"type":"switch","locations":[{"start":{"line":34,"column":6},"end":{"line":34,"column":22}},{"start":{"line":35,"column":6},"end":{"line":38,"column":14}},{"start":{"line":39,"column":6},"end":{"line":40,"column":14}},{"start":{"line":41,"column":6},"end":{"line":45,"column":14}}],"line":33}},"s":{"0":1,"1":1,"2":1,"3":1,"4":12,"5":6,"6":2,"7":0,"8":2,"9":2,"10":2,"11":2,"12":6,"13":4,"14":4,"15":2,"16":0,"17":0,"18":6,"19":6,"20":2,"21":1},"f":{"0":12,"1":2,"2":6,"3":6},"b":{"0":[6,6],"1":[12,12],"2":[0,2],"3":[2,2],"4":[2,4,2,0]},"_coverageSchema":"43e27e138ebf9cfc5966b082cf9a028302ed4184","hash":"64b485e79c96dc32dff19cfa42e031ea326646ac","contentHash":"a3c183855600ec97698405d376807ea9188f5183fd6017bbc50622422f260fe3"},"C:\\Users\\Vasiliki\\git\\gherkin-lint\\dist\\rules\\new-line-at-eof.js":{"path":"C:\\Users\\Vasiliki\\git\\gherkin-lint\\dist\\rules\\new-line-at-eof.js","statementMap":{"0":{"start":{"line":3,"column":8},"end":{"line":3,"column":25}},"1":{"start":{"line":4,"column":13},"end":{"line":4,"column":38}},"2":{"start":{"line":5,"column":11},"end":{"line":5,"column":28}},"3":{"start":{"line":7,"column":23},"end":{"line":7,"column":36}},"4":{"start":{"line":10,"column":15},"end":{"line":10,"column":17}},"5":{"start":{"line":11,"column":2},"end":{"line":14,"column":3}},"6":{"start":{"line":12,"column":4},"end":{"line":12,"column":180}},"7":{"start":{"line":13,"column":4},"end":{"line":13,"column":20}},"8":{"start":{"line":16,"column":24},"end":{"line":16,"column":49}},"9":{"start":{"line":17,"column":17},"end":{"line":17,"column":19}},"10":{"start":{"line":18,"column":2},"end":{"line":22,"column":3}},"11":{"start":{"line":19,"column":4},"end":{"line":19,"column":61}},"12":{"start":{"line":20,"column":9},"end":{"line":22,"column":3}},"13":{"start":{"line":21,"column":4},"end":{"line":21,"column":58}},"14":{"start":{"line":24,"column":2},"end":{"line":30,"column":3}},"15":{"start":{"line":25,"column":4},"end":{"line":29,"column":7}},"16":{"start":{"line":32,"column":2},"end":{"line":32,"column":16}},"17":{"start":{"line":35,"column":0},"end":{"line":39,"column":2}}},"fnMap":{"0":{"name":"newLineAtEOF","decl":{"start":{"line":9,"column":9},"end":{"line":9,"column":21}},"loc":{"start":{"line":9,"column":51},"end":{"line":33,"column":1}},"line":9}},"branchMap":{"0":{"loc":{"start":{"line":11,"column":2},"end":{"line":14,"column":3}},"type":"if","locations":[{"start":{"line":11,"column":2},"end":{"line":14,"column":3}},{"start":{"line":11,"column":2},"end":{"line":14,"column":3}}],"line":11},"1":{"loc":{"start":{"line":18,"column":2},"end":{"line":22,"column":3}},"type":"if","locations":[{"start":{"line":18,"column":2},"end":{"line":22,"column":3}},{"start":{"line":18,"column":2},"end":{"line":22,"column":3}}],"line":18},"2":{"loc":{"start":{"line":18,"column":6},"end":{"line":18,"column":47}},"type":"binary-expr","locations":[{"start":{"line":18,"column":6},"end":{"line":18,"column":21}},{"start":{"line":18,"column":25},"end":{"line":18,"column":47}}],"line":18},"3":{"loc":{"start":{"line":20,"column":9},"end":{"line":22,"column":3}},"type":"if","locations":[{"start":{"line":20,"column":9},"end":{"line":22,"column":3}},{"start":{"line":20,"column":9},"end":{"line":22,"column":3}}],"line":20},"4":{"loc":{"start":{"line":20,"column":13},"end":{"line":20,"column":56}},"type":"binary-expr","locations":[{"start":{"line":20,"column":13},"end":{"line":20,"column":29}},{"start":{"line":20,"column":33},"end":{"line":20,"column":56}}],"line":20},"5":{"loc":{"start":{"line":24,"column":2},"end":{"line":30,"column":3}},"type":"if","locations":[{"start":{"line":24,"column":2},"end":{"line":30,"column":3}},{"start":{"line":24,"column":2},"end":{"line":30,"column":3}}],"line":24}},"s":{"0":1,"1":1,"2":1,"3":1,"4":5,"5":5,"6":1,"7":1,"8":5,"9":5,"10":5,"11":1,"12":4,"13":1,"14":5,"15":2,"16":5,"17":1},"f":{"0":5},"b":{"0":[1,4],"1":[1,4],"2":[5,2],"3":[1,3],"4":[4,3],"5":[2,3]},"_coverageSchema":"43e27e138ebf9cfc5966b082cf9a028302ed4184","hash":"d690596812b98c52cc44a1d7c3a5df04c585ca8d","contentHash":"ed1223acbb95dacfb8e1777976757dc9ef1670716b2d1b27aa0ba9484e794992"},"C:\\Users\\Vasiliki\\git\\gherkin-lint\\dist\\rules\\no-background-only-scenario.js":{"path":"C:\\Users\\Vasiliki\\git\\gherkin-lint\\dist\\rules\\no-background-only-scenario.js","statementMap":{"0":{"start":{"line":3,"column":11},"end":{"line":3,"column":40}},"1":{"start":{"line":6,"column":15},"end":{"line":6,"column":17}},"2":{"start":{"line":8,"column":2},"end":{"line":19,"column":3}},"3":{"start":{"line":9,"column":4},"end":{"line":18,"column":7}},"4":{"start":{"line":10,"column":6},"end":{"line":17,"column":7}},"5":{"start":{"line":11,"column":8},"end":{"line":16,"column":9}},"6":{"start":{"line":15,"column":10},"end":{"line":15,"column":42}},"7":{"start":{"line":20,"column":2},"end":{"line":20,"column":16}},"8":{"start":{"line":24,"column":2},"end":{"line":26,"column":37}},"9":{"start":{"line":29,"column":0},"end":{"line":32,"column":2}}},"fnMap":{"0":{"name":"noBackgroundEmptyScenario","decl":{"start":{"line":5,"column":9},"end":{"line":5,"column":34}},"loc":{"start":{"line":5,"column":44},"end":{"line":21,"column":1}},"line":5},"1":{"name":"(anonymous_1)","decl":{"start":{"line":9,"column":29},"end":{"line":9,"column":30}},"loc":{"start":{"line":9,"column":46},"end":{"line":18,"column":5}},"line":9},"2":{"name":"createError","decl":{"start":{"line":23,"column":9},"end":{"line":23,"column":20}},"loc":{"start":{"line":23,"column":33},"end":{"line":27,"column":1}},"line":23}},"branchMap":{"0":{"loc":{"start":{"line":8,"column":2},"end":{"line":19,"column":3}},"type":"if","locations":[{"start":{"line":8,"column":2},"end":{"line":19,"column":3}},{"start":{"line":8,"column":2},"end":{"line":19,"column":3}}],"line":8},"1":{"loc":{"start":{"line":10,"column":6},"end":{"line":17,"column":7}},"type":"if","locations":[{"start":{"line":10,"column":6},"end":{"line":17,"column":7}},{"start":{"line":10,"column":6},"end":{"line":17,"column":7}}],"line":10},"2":{"loc":{"start":{"line":11,"column":8},"end":{"line":16,"column":9}},"type":"if","locations":[{"start":{"line":11,"column":8},"end":{"line":16,"column":9}},{"start":{"line":11,"column":8},"end":{"line":16,"column":9}}],"line":11}},"s":{"0":1,"1":4,"2":4,"3":4,"4":9,"5":3,"6":2,"7":4,"8":2,"9":1},"f":{"0":4,"1":9,"2":2},"b":{"0":[4,0],"1":[3,6],"2":[2,1]},"_coverageSchema":"43e27e138ebf9cfc5966b082cf9a028302ed4184","hash":"82acd4181189f56dc7ca036607b9610e12ea14e8","contentHash":"1350ced85b74f92afaed0a5f8cdf9b071b13dd031d381dba5376ec6b8d20b862"},"C:\\Users\\Vasiliki\\git\\gherkin-lint\\dist\\rules\\no-dupe-feature-names.js":{"path":"C:\\Users\\Vasiliki\\git\\gherkin-lint\\dist\\rules\\no-dupe-feature-names.js","statementMap":{"0":{"start":{"line":3,"column":11},"end":{"line":3,"column":34}},"1":{"start":{"line":4,"column":15},"end":{"line":4,"column":17}},"2":{"start":{"line":7,"column":15},"end":{"line":7,"column":17}},"3":{"start":{"line":8,"column":2},"end":{"line":20,"column":3}},"4":{"start":{"line":9,"column":4},"end":{"line":19,"column":5}},"5":{"start":{"line":10,"column":18},"end":{"line":10,"column":57}},"6":{"start":{"line":11,"column":6},"end":{"line":11,"column":51}},"7":{"start":{"line":12,"column":6},"end":{"line":16,"column":9}},"8":{"start":{"line":18,"column":6},"end":{"line":18,"column":54}},"9":{"start":{"line":21,"column":2},"end":{"line":21,"column":16}},"10":{"start":{"line":24,"column":0},"end":{"line":27,"column":2}}},"fnMap":{"0":{"name":"noDuplicateFeatureNames","decl":{"start":{"line":6,"column":9},"end":{"line":6,"column":32}},"loc":{"start":{"line":6,"column":48},"end":{"line":22,"column":1}},"line":6}},"branchMap":{"0":{"loc":{"start":{"line":8,"column":2},"end":{"line":20,"column":3}},"type":"if","locations":[{"start":{"line":8,"column":2},"end":{"line":20,"column":3}},{"start":{"line":8,"column":2},"end":{"line":20,"column":3}}],"line":8},"1":{"loc":{"start":{"line":8,"column":6},"end":{"line":8,"column":29}},"type":"binary-expr","locations":[{"start":{"line":8,"column":6},"end":{"line":8,"column":13}},{"start":{"line":8,"column":17},"end":{"line":8,"column":29}}],"line":8},"2":{"loc":{"start":{"line":9,"column":4},"end":{"line":19,"column":5}},"type":"if","locations":[{"start":{"line":9,"column":4},"end":{"line":19,"column":5}},{"start":{"line":9,"column":4},"end":{"line":19,"column":5}}],"line":9}},"s":{"0":1,"1":1,"2":4,"3":4,"4":4,"5":2,"6":2,"7":2,"8":2,"9":4,"10":1},"f":{"0":4},"b":{"0":[4,0],"1":[4,4],"2":[2,2]},"_coverageSchema":"43e27e138ebf9cfc5966b082cf9a028302ed4184","hash":"86109a2242f65b452319091efadbea59d95c526d","contentHash":"b0cdd2aa5bfb052c14fc56e16f7442852e74a1feabe5620359f790cc6f24cdce"},"C:\\Users\\Vasiliki\\git\\gherkin-lint\\dist\\rules\\no-dupe-scenario-names.js":{"path":"C:\\Users\\Vasiliki\\git\\gherkin-lint\\dist\\rules\\no-dupe-scenario-names.js","statementMap":{"0":{"start":{"line":3,"column":11},"end":{"line":3,"column":35}},"1":{"start":{"line":4,"column":16},"end":{"line":4,"column":18}},"2":{"start":{"line":7,"column":15},"end":{"line":7,"column":17}},"3":{"start":{"line":8,"column":2},"end":{"line":22,"column":3}},"4":{"start":{"line":9,"column":4},"end":{"line":21,"column":7}},"5":{"start":{"line":10,"column":6},"end":{"line":20,"column":7}},"6":{"start":{"line":11,"column":8},"end":{"line":19,"column":9}},"7":{"start":{"line":12,"column":22},"end":{"line":12,"column":79}},"8":{"start":{"line":13,"column":10},"end":{"line":13,"column":101}},"9":{"start":{"line":14,"column":10},"end":{"line":16,"column":44}},"10":{"start":{"line":18,"column":10},"end":{"line":18,"column":104}},"11":{"start":{"line":23,"column":2},"end":{"line":23,"column":16}},"12":{"start":{"line":27,"column":16},"end":{"line":27,"column":18}},"13":{"start":{"line":28,"column":2},"end":{"line":30,"column":5}},"14":{"start":{"line":29,"column":4},"end":{"line":29,"column":50}},"15":{"start":{"line":31,"column":2},"end":{"line":31,"column":28}},"16":{"start":{"line":34,"column":0},"end":{"line":37,"column":2}}},"fnMap":{"0":{"name":"noDuplicateScenarioNames","decl":{"start":{"line":6,"column":9},"end":{"line":6,"column":33}},"loc":{"start":{"line":6,"column":49},"end":{"line":24,"column":1}},"line":6},"1":{"name":"(anonymous_1)","decl":{"start":{"line":9,"column":29},"end":{"line":9,"column":30}},"loc":{"start":{"line":9,"column":49},"end":{"line":21,"column":5}},"line":9},"2":{"name":"getFileLinePairsAsStr","decl":{"start":{"line":26,"column":9},"end":{"line":26,"column":30}},"loc":{"start":{"line":26,"column":40},"end":{"line":32,"column":1}},"line":26},"3":{"name":"(anonymous_3)","decl":{"start":{"line":28,"column":18},"end":{"line":28,"column":19}},"loc":{"start":{"line":28,"column":36},"end":{"line":30,"column":3}},"line":28}},"branchMap":{"0":{"loc":{"start":{"line":8,"column":2},"end":{"line":22,"column":3}},"type":"if","locations":[{"start":{"line":8,"column":2},"end":{"line":22,"column":3}},{"start":{"line":8,"column":2},"end":{"line":22,"column":3}}],"line":8},"1":{"loc":{"start":{"line":8,"column":6},"end":{"line":8,"column":33}},"type":"binary-expr","locations":[{"start":{"line":8,"column":6},"end":{"line":8,"column":13}},{"start":{"line":8,"column":17},"end":{"line":8,"column":33}}],"line":8},"2":{"loc":{"start":{"line":10,"column":6},"end":{"line":20,"column":7}},"type":"if","locations":[{"start":{"line":10,"column":6},"end":{"line":20,"column":7}},{"start":{"line":10,"column":6},"end":{"line":20,"column":7}}],"line":10},"3":{"loc":{"start":{"line":11,"column":8},"end":{"line":19,"column":9}},"type":"if","locations":[{"start":{"line":11,"column":8},"end":{"line":19,"column":9}},{"start":{"line":11,"column":8},"end":{"line":19,"column":9}}],"line":11}},"s":{"0":1,"1":1,"2":6,"3":6,"4":6,"5":18,"6":12,"7":3,"8":3,"9":3,"10":9,"11":6,"12":3,"13":3,"14":3,"15":3,"16":1},"f":{"0":6,"1":18,"2":3,"3":3},"b":{"0":[6,0],"1":[6,6],"2":[12,6],"3":[3,9]},"_coverageSchema":"43e27e138ebf9cfc5966b082cf9a028302ed4184","hash":"ccabff659eb0410458f3ef3d5be02b6b120b6d97","contentHash":"154dedfe2968cd0e5212ca9e13d6a9c1c7b076b5aae8d9c51648d9ea21d34332"},"C:\\Users\\Vasiliki\\git\\gherkin-lint\\dist\\rules\\no-duplicate-tags.js":{"path":"C:\\Users\\Vasiliki\\git\\gherkin-lint\\dist\\rules\\no-duplicate-tags.js","statementMap":{"0":{"start":{"line":3,"column":8},"end":{"line":3,"column":25}},"1":{"start":{"line":5,"column":11},"end":{"line":5,"column":30}},"2":{"start":{"line":8,"column":15},"end":{"line":8,"column":17}},"3":{"start":{"line":9,"column":2},"end":{"line":9,"column":69}},"4":{"start":{"line":10,"column":2},"end":{"line":14,"column":3}},"5":{"start":{"line":11,"column":4},"end":{"line":13,"column":7}},"6":{"start":{"line":12,"column":6},"end":{"line":12,"column":69}},"7":{"start":{"line":15,"column":2},"end":{"line":15,"column":16}},"8":{"start":{"line":19,"column":15},"end":{"line":19,"column":17}},"9":{"start":{"line":20,"column":23},"end":{"line":20,"column":25}},"10":{"start":{"line":21,"column":23},"end":{"line":21,"column":25}},"11":{"start":{"line":22,"column":2},"end":{"line":35,"column":3}},"12":{"start":{"line":23,"column":4},"end":{"line":34,"column":7}},"13":{"start":{"line":24,"column":6},"end":{"line":33,"column":7}},"14":{"start":{"line":25,"column":8},"end":{"line":32,"column":9}},"15":{"start":{"line":26,"column":10},"end":{"line":28,"column":39}},"16":{"start":{"line":29,"column":10},"end":{"line":29,"column":40}},"17":{"start":{"line":31,"column":10},"end":{"line":31,"column":40}},"18":{"start":{"line":36,"column":2},"end":{"line":36,"column":16}},"19":{"start":{"line":39,"column":0},"end":{"line":42,"column":2}}},"fnMap":{"0":{"name":"noDuplicateTags","decl":{"start":{"line":7,"column":9},"end":{"line":7,"column":24}},"loc":{"start":{"line":7,"column":34},"end":{"line":16,"column":1}},"line":7},"1":{"name":"(anonymous_1)","decl":{"start":{"line":11,"column":29},"end":{"line":11,"column":30}},"loc":{"start":{"line":11,"column":46},"end":{"line":13,"column":5}},"line":11},"2":{"name":"verifyTags","decl":{"start":{"line":18,"column":9},"end":{"line":18,"column":19}},"loc":{"start":{"line":18,"column":36},"end":{"line":37,"column":1}},"line":18},"3":{"name":"(anonymous_3)","decl":{"start":{"line":23,"column":17},"end":{"line":23,"column":18}},"loc":{"start":{"line":23,"column":32},"end":{"line":34,"column":5}},"line":23}},"branchMap":{"0":{"loc":{"start":{"line":10,"column":2},"end":{"line":14,"column":3}},"type":"if","locations":[{"start":{"line":10,"column":2},"end":{"line":14,"column":3}},{"start":{"line":10,"column":2},"end":{"line":14,"column":3}}],"line":10},"1":{"loc":{"start":{"line":22,"column":2},"end":{"line":35,"column":3}},"type":"if","locations":[{"start":{"line":22,"column":2},"end":{"line":35,"column":3}},{"start":{"line":22,"column":2},"end":{"line":35,"column":3}}],"line":22},"2":{"loc":{"start":{"line":22,"column":6},"end":{"line":22,"column":50}},"type":"binary-expr","locations":[{"start":{"line":22,"column":6},"end":{"line":22,"column":24}},{"start":{"line":22,"column":28},"end":{"line":22,"column":50}}],"line":22},"3":{"loc":{"start":{"line":24,"column":6},"end":{"line":33,"column":7}},"type":"if","locations":[{"start":{"line":24,"column":6},"end":{"line":33,"column":7}},{"start":{"line":24,"column":6},"end":{"line":33,"column":7}}],"line":24},"4":{"loc":{"start":{"line":25,"column":8},"end":{"line":32,"column":9}},"type":"if","locations":[{"start":{"line":25,"column":8},"end":{"line":32,"column":9}},{"start":{"line":25,"column":8},"end":{"line":32,"column":9}}],"line":25}},"s":{"0":1,"1":1,"2":2,"3":2,"4":2,"5":2,"6":6,"7":2,"8":8,"9":8,"10":8,"11":8,"12":6,"13":15,"14":14,"15":3,"16":3,"17":11,"18":8,"19":1},"f":{"0":2,"1":6,"2":8,"3":15},"b":{"0":[2,0],"1":[6,2],"2":[8,6],"3":[14,1],"4":[3,11]},"_coverageSchema":"43e27e138ebf9cfc5966b082cf9a028302ed4184","hash":"51b360c5c0a7e06336df99ce4e9332d01f3c2394","contentHash":"7b632c3bca82fb56df2b04707b103e2f22b0830b82c447d5350b2ea1a5a3ba5e"},"C:\\Users\\Vasiliki\\git\\gherkin-lint\\dist\\rules\\no-empty-background.js":{"path":"C:\\Users\\Vasiliki\\git\\gherkin-lint\\dist\\rules\\no-empty-background.js","statementMap":{"0":{"start":{"line":3,"column":11},"end":{"line":3,"column":32}},"1":{"start":{"line":6,"column":15},"end":{"line":6,"column":17}},"2":{"start":{"line":8,"column":2},"end":{"line":16,"column":3}},"3":{"start":{"line":9,"column":4},"end":{"line":15,"column":7}},"4":{"start":{"line":10,"column":6},"end":{"line":14,"column":7}},"5":{"start":{"line":11,"column":8},"end":{"line":13,"column":9}},"6":{"start":{"line":12,"column":10},"end":{"line":12,"column":42}},"7":{"start":{"line":17,"column":2},"end":{"line":17,"column":16}},"8":{"start":{"line":21,"column":2},"end":{"line":23,"column":37}},"9":{"start":{"line":26,"column":0},"end":{"line":29,"column":2}}},"fnMap":{"0":{"name":"noEmptyBackground","decl":{"start":{"line":5,"column":9},"end":{"line":5,"column":26}},"loc":{"start":{"line":5,"column":36},"end":{"line":18,"column":1}},"line":5},"1":{"name":"(anonymous_1)","decl":{"start":{"line":9,"column":29},"end":{"line":9,"column":30}},"loc":{"start":{"line":9,"column":46},"end":{"line":15,"column":5}},"line":9},"2":{"name":"createError","decl":{"start":{"line":20,"column":9},"end":{"line":20,"column":20}},"loc":{"start":{"line":20,"column":33},"end":{"line":24,"column":1}},"line":20}},"branchMap":{"0":{"loc":{"start":{"line":8,"column":2},"end":{"line":16,"column":3}},"type":"if","locations":[{"start":{"line":8,"column":2},"end":{"line":16,"column":3}},{"start":{"line":8,"column":2},"end":{"line":16,"column":3}}],"line":8},"1":{"loc":{"start":{"line":10,"column":6},"end":{"line":14,"column":7}},"type":"if","locations":[{"start":{"line":10,"column":6},"end":{"line":14,"column":7}},{"start":{"line":10,"column":6},"end":{"line":14,"column":7}}],"line":10},"2":{"loc":{"start":{"line":11,"column":8},"end":{"line":13,"column":9}},"type":"if","locations":[{"start":{"line":11,"column":8},"end":{"line":13,"column":9}},{"start":{"line":11,"column":8},"end":{"line":13,"column":9}}],"line":11}},"s":{"0":1,"1":3,"2":3,"3":3,"4":8,"5":2,"6":1,"7":3,"8":1,"9":1},"f":{"0":3,"1":8,"2":1},"b":{"0":[3,0],"1":[2,6],"2":[1,1]},"_coverageSchema":"43e27e138ebf9cfc5966b082cf9a028302ed4184","hash":"65fac266fd01cf10e44dee89ccf24517434c4ffc","contentHash":"57df6c39eac5810ea96b1b122822708512451c38368fc0edac113418607a306d"},"C:\\Users\\Vasiliki\\git\\gherkin-lint\\dist\\rules\\no-empty-file.js":{"path":"C:\\Users\\Vasiliki\\git\\gherkin-lint\\dist\\rules\\no-empty-file.js","statementMap":{"0":{"start":{"line":3,"column":8},"end":{"line":3,"column":25}},"1":{"start":{"line":4,"column":11},"end":{"line":4,"column":26}},"2":{"start":{"line":7,"column":15},"end":{"line":7,"column":17}},"3":{"start":{"line":8,"column":2},"end":{"line":14,"column":3}},"4":{"start":{"line":9,"column":4},"end":{"line":13,"column":7}},"5":{"start":{"line":15,"column":2},"end":{"line":15,"column":16}},"6":{"start":{"line":18,"column":0},"end":{"line":21,"column":2}}},"fnMap":{"0":{"name":"noEmptyFiles","decl":{"start":{"line":6,"column":9},"end":{"line":6,"column":21}},"loc":{"start":{"line":6,"column":31},"end":{"line":16,"column":1}},"line":6}},"branchMap":{"0":{"loc":{"start":{"line":8,"column":2},"end":{"line":14,"column":3}},"type":"if","locations":[{"start":{"line":8,"column":2},"end":{"line":14,"column":3}},{"start":{"line":8,"column":2},"end":{"line":14,"column":3}}],"line":8}},"s":{"0":1,"1":1,"2":3,"3":3,"4":2,"5":3,"6":1},"f":{"0":3},"b":{"0":[2,1]},"_coverageSchema":"43e27e138ebf9cfc5966b082cf9a028302ed4184","hash":"86e410c13066c37b94b90bbcf4f3baa3c58c5988","contentHash":"32b90f7f07472e5cd80e8dcdad57f4195645c47407956af012cede3496b2be15"},"C:\\Users\\Vasiliki\\git\\gherkin-lint\\dist\\rules\\no-files-without-scenarios.js":{"path":"C:\\Users\\Vasiliki\\git\\gherkin-lint\\dist\\rules\\no-files-without-scenarios.js","statementMap":{"0":{"start":{"line":3,"column":11},"end":{"line":3,"column":39}},"1":{"start":{"line":6,"column":2},"end":{"line":6,"column":71}},"2":{"start":{"line":10,"column":15},"end":{"line":10,"column":17}},"3":{"start":{"line":11,"column":2},"end":{"line":17,"column":3}},"4":{"start":{"line":12,"column":4},"end":{"line":16,"column":7}},"5":{"start":{"line":18,"column":2},"end":{"line":18,"column":16}},"6":{"start":{"line":21,"column":0},"end":{"line":24,"column":2}}},"fnMap":{"0":{"name":"filterScenarios","decl":{"start":{"line":5,"column":9},"end":{"line":5,"column":24}},"loc":{"start":{"line":5,"column":32},"end":{"line":7,"column":1}},"line":5},"1":{"name":"noFilesWithoutScenarios","decl":{"start":{"line":9,"column":9},"end":{"line":9,"column":32}},"loc":{"start":{"line":9,"column":42},"end":{"line":19,"column":1}},"line":9}},"branchMap":{"0":{"loc":{"start":{"line":6,"column":9},"end":{"line":6,"column":70}},"type":"binary-expr","locations":[{"start":{"line":6,"column":9},"end":{"line":6,"column":34}},{"start":{"line":6,"column":38},"end":{"line":6,"column":70}}],"line":6},"1":{"loc":{"start":{"line":11,"column":2},"end":{"line":17,"column":3}},"type":"if","locations":[{"start":{"line":11,"column":2},"end":{"line":17,"column":3}},{"start":{"line":11,"column":2},"end":{"line":17,"column":3}}],"line":11},"2":{"loc":{"start":{"line":11,"column":6},"end":{"line":11,"column":66}},"type":"binary-expr","locations":[{"start":{"line":11,"column":6},"end":{"line":11,"column":23}},{"start":{"line":11,"column":27},"end":{"line":11,"column":66}}],"line":11}},"s":{"0":1,"1":5,"2":3,"3":3,"4":1,"5":3,"6":1},"f":{"0":5,"1":3},"b":{"0":[5,4],"1":[1,2],"2":[3,3]},"_coverageSchema":"43e27e138ebf9cfc5966b082cf9a028302ed4184","hash":"fdbf2630aa7afdd25c14432aea946137d0fc8025","contentHash":"c9ca8587ce6c091ffa15c76c12dba26b2547b5b7d92f92c1197cdce042539619"},"C:\\Users\\Vasiliki\\git\\gherkin-lint\\dist\\rules\\no-homogenous-tags.js":{"path":"C:\\Users\\Vasiliki\\git\\gherkin-lint\\dist\\rules\\no-homogenous-tags.js","statementMap":{"0":{"start":{"line":3,"column":8},"end":{"line":3,"column":25}},"1":{"start":{"line":5,"column":11},"end":{"line":5,"column":31}},"2":{"start":{"line":8,"column":15},"end":{"line":8,"column":17}},"3":{"start":{"line":9,"column":2},"end":{"line":28,"column":3}},"4":{"start":{"line":10,"column":19},"end":{"line":18,"column":7}},"5":{"start":{"line":11,"column":6},"end":{"line":17,"column":7}},"6":{"start":{"line":12,"column":8},"end":{"line":14,"column":12}},"7":{"start":{"line":13,"column":10},"end":{"line":13,"column":26}},"8":{"start":{"line":16,"column":8},"end":{"line":16,"column":18}},"9":{"start":{"line":20,"column":25},"end":{"line":20,"column":58}},"10":{"start":{"line":21,"column":4},"end":{"line":27,"column":5}},"11":{"start":{"line":24,"column":6},"end":{"line":26,"column":39}},"12":{"start":{"line":29,"column":2},"end":{"line":29,"column":16}},"13":{"start":{"line":32,"column":0},"end":{"line":35,"column":2}}},"fnMap":{"0":{"name":"noHomogenousTags","decl":{"start":{"line":7,"column":9},"end":{"line":7,"column":25}},"loc":{"start":{"line":7,"column":35},"end":{"line":30,"column":1}},"line":7},"1":{"name":"(anonymous_1)","decl":{"start":{"line":10,"column":53},"end":{"line":10,"column":54}},"loc":{"start":{"line":10,"column":70},"end":{"line":18,"column":5}},"line":10},"2":{"name":"(anonymous_2)","decl":{"start":{"line":12,"column":34},"end":{"line":12,"column":35}},"loc":{"start":{"line":12,"column":49},"end":{"line":14,"column":9}},"line":12}},"branchMap":{"0":{"loc":{"start":{"line":9,"column":2},"end":{"line":28,"column":3}},"type":"if","locations":[{"start":{"line":9,"column":2},"end":{"line":28,"column":3}},{"start":{"line":9,"column":2},"end":{"line":28,"column":3}}],"line":9},"1":{"loc":{"start":{"line":11,"column":6},"end":{"line":17,"column":7}},"type":"if","locations":[{"start":{"line":11,"column":6},"end":{"line":17,"column":7}},{"start":{"line":11,"column":6},"end":{"line":17,"column":7}}],"line":11},"2":{"loc":{"start":{"line":11,"column":10},"end":{"line":11,"column":101}},"type":"binary-expr","locations":[{"start":{"line":11,"column":11},"end":{"line":11,"column":36}},{"start":{"line":11,"column":40},"end":{"line":11,"column":72}},{"start":{"line":11,"column":77},"end":{"line":11,"column":101}}],"line":11},"3":{"loc":{"start":{"line":21,"column":4},"end":{"line":27,"column":5}},"type":"if","locations":[{"start":{"line":21,"column":4},"end":{"line":27,"column":5}},{"start":{"line":21,"column":4},"end":{"line":27,"column":5}}],"line":21}},"s":{"0":1,"1":1,"2":2,"3":2,"4":2,"5":6,"6":4,"7":11,"8":2,"9":2,"10":2,"11":1,"12":2,"13":1},"f":{"0":2,"1":6,"2":11},"b":{"0":[2,0],"1":[4,2],"2":[6,4,4],"3":[1,1]},"_coverageSchema":"43e27e138ebf9cfc5966b082cf9a028302ed4184","hash":"3c16f1f3ac47ca8b76e5c2dd863ca63a938fa5d0","contentHash":"472647a1dfbaaa373181e12986b8538c68a04ca9e4a1ac654f698e33687b4798"},"C:\\Users\\Vasiliki\\git\\gherkin-lint\\dist\\rules\\no-multiple-empty-lines.js":{"path":"C:\\Users\\Vasiliki\\git\\gherkin-lint\\dist\\rules\\no-multiple-empty-lines.js","statementMap":{"0":{"start":{"line":3,"column":11},"end":{"line":3,"column":36}},"1":{"start":{"line":6,"column":15},"end":{"line":6,"column":17}},"2":{"start":{"line":7,"column":2},"end":{"line":13,"column":3}},"3":{"start":{"line":7,"column":15},"end":{"line":7,"column":16}},"4":{"start":{"line":8,"column":4},"end":{"line":12,"column":5}},"5":{"start":{"line":9,"column":6},"end":{"line":11,"column":23}},"6":{"start":{"line":14,"column":2},"end":{"line":14,"column":16}},"7":{"start":{"line":17,"column":0},"end":{"line":20,"column":2}}},"fnMap":{"0":{"name":"noMulitpleEmptyLines","decl":{"start":{"line":5,"column":9},"end":{"line":5,"column":29}},"loc":{"start":{"line":5,"column":44},"end":{"line":15,"column":1}},"line":5}},"branchMap":{"0":{"loc":{"start":{"line":8,"column":4},"end":{"line":12,"column":5}},"type":"if","locations":[{"start":{"line":8,"column":4},"end":{"line":12,"column":5}},{"start":{"line":8,"column":4},"end":{"line":12,"column":5}}],"line":8},"1":{"loc":{"start":{"line":8,"column":8},"end":{"line":8,"column":69}},"type":"binary-expr","locations":[{"start":{"line":8,"column":8},"end":{"line":8,"column":35}},{"start":{"line":8,"column":39},"end":{"line":8,"column":69}}],"line":8}},"s":{"0":1,"1":2,"2":2,"3":2,"4":40,"5":7,"6":2,"7":1},"f":{"0":2},"b":{"0":[7,33],"1":[40,14]},"_coverageSchema":"43e27e138ebf9cfc5966b082cf9a028302ed4184","hash":"de0f3394a2938c4b3ea70c00f153240213dfa1bf","contentHash":"f40c16309c7ba605663a632caa0f64e46cc08bdbd8998ea581ae6d858dd4b3a2"},"C:\\Users\\Vasiliki\\git\\gherkin-lint\\dist\\rules\\no-partially-commented-tag-lines.js":{"path":"C:\\Users\\Vasiliki\\git\\gherkin-lint\\dist\\rules\\no-partially-commented-tag-lines.js","statementMap":{"0":{"start":{"line":3,"column":11},"end":{"line":3,"column":45}},"1":{"start":{"line":6,"column":15},"end":{"line":6,"column":17}},"2":{"start":{"line":7,"column":2},"end":{"line":19,"column":3}},"3":{"start":{"line":8,"column":4},"end":{"line":18,"column":7}},"4":{"start":{"line":9,"column":6},"end":{"line":17,"column":7}},"5":{"start":{"line":10,"column":8},"end":{"line":16,"column":11}},"6":{"start":{"line":11,"column":10},"end":{"line":15,"column":11}},"7":{"start":{"line":12,"column":12},"end":{"line":14,"column":41}},"8":{"start":{"line":20,"column":2},"end":{"line":20,"column":16}},"9":{"start":{"line":23,"column":0},"end":{"line":26,"column":2}}},"fnMap":{"0":{"name":"noPartiallyCommentedTagLines","decl":{"start":{"line":5,"column":9},"end":{"line":5,"column":37}},"loc":{"start":{"line":5,"column":47},"end":{"line":21,"column":1}},"line":5},"1":{"name":"(anonymous_1)","decl":{"start":{"line":8,"column":29},"end":{"line":8,"column":30}},"loc":{"start":{"line":8,"column":49},"end":{"line":18,"column":5}},"line":8},"2":{"name":"(anonymous_2)","decl":{"start":{"line":10,"column":30},"end":{"line":10,"column":31}},"loc":{"start":{"line":10,"column":45},"end":{"line":16,"column":9}},"line":10}},"branchMap":{"0":{"loc":{"start":{"line":7,"column":2},"end":{"line":19,"column":3}},"type":"if","locations":[{"start":{"line":7,"column":2},"end":{"line":19,"column":3}},{"start":{"line":7,"column":2},"end":{"line":19,"column":3}}],"line":7},"1":{"loc":{"start":{"line":7,"column":6},"end":{"line":7,"column":33}},"type":"binary-expr","locations":[{"start":{"line":7,"column":6},"end":{"line":7,"column":13}},{"start":{"line":7,"column":17},"end":{"line":7,"column":33}}],"line":7},"2":{"loc":{"start":{"line":9,"column":6},"end":{"line":17,"column":7}},"type":"if","locations":[{"start":{"line":9,"column":6},"end":{"line":17,"column":7}},{"start":{"line":9,"column":6},"end":{"line":17,"column":7}}],"line":9},"3":{"loc":{"start":{"line":11,"column":10},"end":{"line":15,"column":11}},"type":"if","locations":[{"start":{"line":11,"column":10},"end":{"line":15,"column":11}},{"start":{"line":11,"column":10},"end":{"line":15,"column":11}}],"line":11}},"s":{"0":1,"1":2,"2":2,"3":2,"4":6,"5":4,"6":6,"7":2,"8":2,"9":1},"f":{"0":2,"1":6,"2":6},"b":{"0":[2,0],"1":[2,2],"2":[4,2],"3":[2,4]},"_coverageSchema":"43e27e138ebf9cfc5966b082cf9a028302ed4184","hash":"e2c5159af05a4c9a3c43471d38c83f1ddc4a439f","contentHash":"28daa0e126059b14a599fb8de5b1061706ab132811d889f5949163b9f8ce5e0b"},"C:\\Users\\Vasiliki\\git\\gherkin-lint\\dist\\rules\\no-restricted-tags.js":{"path":"C:\\Users\\Vasiliki\\git\\gherkin-lint\\dist\\rules\\no-restricted-tags.js","statementMap":{"0":{"start":{"line":3,"column":8},"end":{"line":3,"column":25}},"1":{"start":{"line":4,"column":11},"end":{"line":4,"column":31}},"2":{"start":{"line":5,"column":23},"end":{"line":7,"column":1}},"3":{"start":{"line":10,"column":22},"end":{"line":10,"column":40}},"4":{"start":{"line":12,"column":22},"end":{"line":12,"column":55}},"5":{"start":{"line":14,"column":23},"end":{"line":16,"column":22}},"6":{"start":{"line":15,"column":4},"end":{"line":15,"column":43}},"7":{"start":{"line":18,"column":2},"end":{"line":18,"column":46}},"8":{"start":{"line":22,"column":2},"end":{"line":26,"column":5}},"9":{"start":{"line":23,"column":4},"end":{"line":23,"column":43}},"10":{"start":{"line":25,"column":4},"end":{"line":25,"column":34}},"11":{"start":{"line":30,"column":2},"end":{"line":30,"column":45}},"12":{"start":{"line":34,"column":2},"end":{"line":36,"column":30}},"13":{"start":{"line":39,"column":0},"end":{"line":43,"column":2}}},"fnMap":{"0":{"name":"noRestrictedTags","decl":{"start":{"line":9,"column":9},"end":{"line":9,"column":25}},"loc":{"start":{"line":9,"column":60},"end":{"line":19,"column":1}},"line":9},"1":{"name":"(anonymous_1)","decl":{"start":{"line":14,"column":47},"end":{"line":14,"column":48}},"loc":{"start":{"line":14,"column":64},"end":{"line":16,"column":3}},"line":14},"2":{"name":"checkTags","decl":{"start":{"line":21,"column":9},"end":{"line":21,"column":18}},"loc":{"start":{"line":21,"column":40},"end":{"line":27,"column":1}},"line":21},"3":{"name":"(anonymous_3)","decl":{"start":{"line":22,"column":34},"end":{"line":22,"column":35}},"loc":{"start":{"line":22,"column":49},"end":{"line":24,"column":3}},"line":22},"4":{"name":"(anonymous_4)","decl":{"start":{"line":24,"column":9},"end":{"line":24,"column":10}},"loc":{"start":{"line":24,"column":24},"end":{"line":26,"column":3}},"line":24},"5":{"name":"isForbidden","decl":{"start":{"line":29,"column":9},"end":{"line":29,"column":20}},"loc":{"start":{"line":29,"column":41},"end":{"line":31,"column":1}},"line":29},"6":{"name":"createError","decl":{"start":{"line":33,"column":9},"end":{"line":33,"column":20}},"loc":{"start":{"line":33,"column":32},"end":{"line":37,"column":1}},"line":33}},"branchMap":{"0":{"loc":{"start":{"line":22,"column":10},"end":{"line":22,"column":25}},"type":"binary-expr","locations":[{"start":{"line":22,"column":10},"end":{"line":22,"column":19}},{"start":{"line":22,"column":23},"end":{"line":22,"column":25}}],"line":22}},"s":{"0":1,"1":1,"2":1,"3":2,"4":2,"5":2,"6":6,"7":2,"8":8,"9":12,"10":6,"11":12,"12":6,"13":1},"f":{"0":2,"1":6,"2":8,"3":12,"4":6,"5":12,"6":6},"b":{"0":[8,2]},"_coverageSchema":"43e27e138ebf9cfc5966b082cf9a028302ed4184","hash":"26df09ca043bf152ba9af3fca541cf64fb6f94bd","contentHash":"cc30f493d4c29d5ee095e99d418740f9c29174c61460be544e107f6e39d871a0"},"C:\\Users\\Vasiliki\\git\\gherkin-lint\\dist\\rules\\no-superfluous-tags.js":{"path":"C:\\Users\\Vasiliki\\git\\gherkin-lint\\dist\\rules\\no-superfluous-tags.js","statementMap":{"0":{"start":{"line":3,"column":8},"end":{"line":3,"column":25}},"1":{"start":{"line":5,"column":11},"end":{"line":5,"column":32}},"2":{"start":{"line":8,"column":15},"end":{"line":8,"column":17}},"3":{"start":{"line":9,"column":2},"end":{"line":25,"column":3}},"4":{"start":{"line":10,"column":4},"end":{"line":24,"column":7}},"5":{"start":{"line":11,"column":6},"end":{"line":23,"column":7}},"6":{"start":{"line":12,"column":30},"end":{"line":14,"column":10}},"7":{"start":{"line":13,"column":10},"end":{"line":13,"column":39}},"8":{"start":{"line":15,"column":8},"end":{"line":22,"column":9}},"9":{"start":{"line":16,"column":36},"end":{"line":18,"column":12}},"10":{"start":{"line":17,"column":12},"end":{"line":17,"column":28}},"11":{"start":{"line":19,"column":10},"end":{"line":21,"column":54}},"12":{"start":{"line":26,"column":2},"end":{"line":26,"column":16}},"13":{"start":{"line":29,"column":0},"end":{"line":32,"column":2}}},"fnMap":{"0":{"name":"noSuperfluousTags","decl":{"start":{"line":7,"column":9},"end":{"line":7,"column":26}},"loc":{"start":{"line":7,"column":36},"end":{"line":27,"column":1}},"line":7},"1":{"name":"(anonymous_1)","decl":{"start":{"line":10,"column":29},"end":{"line":10,"column":30}},"loc":{"start":{"line":10,"column":46},"end":{"line":24,"column":5}},"line":10},"2":{"name":"(anonymous_2)","decl":{"start":{"line":12,"column":75},"end":{"line":12,"column":76}},"loc":{"start":{"line":12,"column":95},"end":{"line":14,"column":9}},"line":12},"3":{"name":"(anonymous_3)","decl":{"start":{"line":16,"column":59},"end":{"line":16,"column":60}},"loc":{"start":{"line":16,"column":74},"end":{"line":18,"column":11}},"line":16}},"branchMap":{"0":{"loc":{"start":{"line":9,"column":2},"end":{"line":25,"column":3}},"type":"if","locations":[{"start":{"line":9,"column":2},"end":{"line":25,"column":3}},{"start":{"line":9,"column":2},"end":{"line":25,"column":3}}],"line":9},"1":{"loc":{"start":{"line":9,"column":6},"end":{"line":9,"column":66}},"type":"binary-expr","locations":[{"start":{"line":9,"column":6},"end":{"line":9,"column":32}},{"start":{"line":9,"column":36},"end":{"line":9,"column":66}}],"line":9},"2":{"loc":{"start":{"line":11,"column":6},"end":{"line":23,"column":7}},"type":"if","locations":[{"start":{"line":11,"column":6},"end":{"line":23,"column":7}},{"start":{"line":11,"column":6},"end":{"line":23,"column":7}}],"line":11},"3":{"loc":{"start":{"line":15,"column":8},"end":{"line":22,"column":9}},"type":"if","locations":[{"start":{"line":15,"column":8},"end":{"line":22,"column":9}},{"start":{"line":15,"column":8},"end":{"line":22,"column":9}}],"line":15}},"s":{"0":1,"1":1,"2":2,"3":2,"4":2,"5":6,"6":4,"7":31,
[...]
t":{"line":10,"column":15},"end":{"line":10,"column":17}},"4":{"start":{"line":11,"column":26},"end":{"line":11,"column":170}},"5":{"start":{"line":13,"column":2},"end":{"line":98,"column":5}},"6":{"start":{"line":14,"column":4},"end":{"line":17,"column":5}},"7":{"start":{"line":16,"column":6},"end":{"line":16,"column":13}},"8":{"start":{"line":20,"column":28},"end":{"line":20,"column":30}},"9":{"start":{"line":21,"column":28},"end":{"line":21,"column":30}},"10":{"start":{"line":25,"column":4},"end":{"line":35,"column":5}},"11":{"start":{"line":26,"column":6},"end":{"line":34,"column":9}},"12":{"start":{"line":27,"column":8},"end":{"line":33,"column":9}},"13":{"start":{"line":28,"column":10},"end":{"line":32,"column":13}},"14":{"start":{"line":29,"column":12},"end":{"line":31,"column":13}},"15":{"start":{"line":30,"column":14},"end":{"line":30,"column":65}},"16":{"start":{"line":40,"column":4},"end":{"line":42,"column":5}},"17":{"start":{"line":41,"column":6},"end":{"line":41,"column":56}},"18":{"start":{"line":44,"column":4},"end":{"line":77,"column":5}},"19":{"start":{"line":45,"column":6},"end":{"line":76,"column":9}},"20":{"start":{"line":54,"column":8},"end":{"line":70,"column":9}},"21":{"start":{"line":55,"column":10},"end":{"line":69,"column":11}},"22":{"start":{"line":56,"column":12},"end":{"line":64,"column":15}},"23":{"start":{"line":57,"column":14},"end":{"line":63,"column":17}},"24":{"start":{"line":58,"column":16},"end":{"line":62,"column":17}},"25":{"start":{"line":59,"column":18},"end":{"line":61,"column":19}},"26":{"start":{"line":60,"column":20},"end":{"line":60,"column":69}},"27":{"start":{"line":65,"column":17},"end":{"line":69,"column":11}},"28":{"start":{"line":66,"column":12},"end":{"line":68,"column":13}},"29":{"start":{"line":67,"column":14},"end":{"line":67,"column":63}},"30":{"start":{"line":73,"column":8},"end":{"line":75,"column":9}},"31":{"start":{"line":74,"column":10},"end":{"line":74,"column":59}},"32":{"start":{"line":79,"column":4},"end":{"line":87,"column":5}},"33":{"start":{"line":80,"column":6},"end":{"line":86,"column":7}},"34":{"start":{"line":81,"column":8},"end":{"line":85,"column":11}},"35":{"start":{"line":89,"column":4},"end":{"line":97,"column":5}},"36":{"start":{"line":90,"column":6},"end":{"line":96,"column":7}},"37":{"start":{"line":91,"column":8},"end":{"line":95,"column":11}},"38":{"start":{"line":100,"column":2},"end":{"line":100,"column":16}},"39":{"start":{"line":103,"column":0},"end":{"line":106,"column":2}}},"fnMap":{"0":{"name":"noUnusedVariables","decl":{"start":{"line":5,"column":9},"end":{"line":5,"column":26}},"loc":{"start":{"line":5,"column":36},"end":{"line":101,"column":1}},"line":5},"1":{"name":"(anonymous_1)","decl":{"start":{"line":13,"column":27},"end":{"line":13,"column":28}},"loc":{"start":{"line":13,"column":44},"end":{"line":98,"column":3}},"line":13},"2":{"name":"(anonymous_2)","decl":{"start":{"line":26,"column":29},"end":{"line":26,"column":30}},"loc":{"start":{"line":26,"column":48},"end":{"line":34,"column":7}},"line":26},"3":{"name":"(anonymous_3)","decl":{"start":{"line":28,"column":44},"end":{"line":28,"column":45}},"loc":{"start":{"line":28,"column":60},"end":{"line":32,"column":11}},"line":28},"4":{"name":"(anonymous_4)","decl":{"start":{"line":45,"column":26},"end":{"line":45,"column":27}},"loc":{"start":{"line":45,"column":42},"end":{"line":76,"column":7}},"line":45},"5":{"name":"(anonymous_5)","decl":{"start":{"line":56,"column":39},"end":{"line":56,"column":40}},"loc":{"start":{"line":56,"column":54},"end":{"line":64,"column":13}},"line":56},"6":{"name":"(anonymous_6)","decl":{"start":{"line":57,"column":32},"end":{"line":57,"column":33}},"loc":{"start":{"line":57,"column":48},"end":{"line":63,"column":15}},"line":57}},"branchMap":{"0":{"loc":{"start":{"line":6,"column":2},"end":{"line":8,"column":3}},"type":"if","locations":[{"start":{"line":6,"column":2},"end":{"line":8,"column":3}},{"start":{"line":6,"column":2},"end":{"line":8,"column":3}}],"line":6},"1":{"loc":{"start":{"line":6,"column":6},"end":{"line":6,"column":35}},"type":"binary-expr","locations":[{"start":{"line":6,"column":6},"end":{"line":6,"column":14}},{"start":{"line":6,"column":18},"end":{"line":6,"column":35}}],"line":6},"2":{"loc":{"start":{"line":14,"column":4},"end":{"line":17,"column":5}},"type":"if","locations":[{"start":{"line":14,"column":4},"end":{"line":17,"column":5}},{"start":{"line":14,"column":4},"end":{"line":17,"column":5}}],"line":14},"3":{"loc":{"start":{"line":25,"column":4},"end":{"line":35,"column":5}},"type":"if","locations":[{"start":{"line":25,"column":4},"end":{"line":35,"column":5}},{"start":{"line":25,"column":4},"end":{"line":35,"column":5}}],"line":25},"4":{"loc":{"start":{"line":27,"column":8},"end":{"line":33,"column":9}},"type":"if","locations":[{"start":{"line":27,"column":8},"end":{"line":33,"column":9}},{"start":{"line":27,"column":8},"end":{"line":33,"column":9}}],"line":27},"5":{"loc":{"start":{"line":27,"column":12},"end":{"line":27,"column":60}},"type":"binary-expr","locations":[{"start":{"line":27,"column":12},"end":{"line":27,"column":31}},{"start":{"line":27,"column":35},"end":{"line":27,"column":60}}],"line":27},"6":{"loc":{"start":{"line":29,"column":12},"end":{"line":31,"column":13}},"type":"if","locations":[{"start":{"line":29,"column":12},"end":{"line":31,"column":13}},{"start":{"line":29,"column":12},"end":{"line":31,"column":13}}],"line":29},"7":{"loc":{"start":{"line":44,"column":4},"end":{"line":77,"column":5}},"type":"if","locations":[{"start":{"line":44,"column":4},"end":{"line":77,"column":5}},{"start":{"line":44,"column":4},"end":{"line":77,"column":5}}],"line":44},"8":{"loc":{"start":{"line":54,"column":8},"end":{"line":70,"column":9}},"type":"if","locations":[{"start":{"line":54,"column":8},"end":{"line":70,"column":9}},{"start":{"line":54,"column":8},"end":{"line":70,"column":9}}],"line":54},"9":{"loc":{"start":{"line":55,"column":10},"end":{"line":69,"column":11}},"type":"if","locations":[{"start":{"line":55,"column":10},"end":{"line":69,"column":11}},{"start":{"line":55,"column":10},"end":{"line":69,"column":11}}],"line":55},"10":{"loc":{"start":{"line":58,"column":16},"end":{"line":62,"column":17}},"type":"if","locations":[{"start":{"line":58,"column":16},"end":{"line":62,"column":17}},{"start":{"line":58,"column":16},"end":{"line":62,"column":17}}],"line":58},"11":{"loc":{"start":{"line":65,"column":17},"end":{"line":69,"column":11}},"type":"if","locations":[{"start":{"line":65,"column":17},"end":{"line":69,"column":11}},{"start":{"line":65,"column":17},"end":{"line":69,"column":11}}],"line":65},"12":{"loc":{"start":{"line":80,"column":6},"end":{"line":86,"column":7}},"type":"if","locations":[{"start":{"line":80,"column":6},"end":{"line":86,"column":7}},{"start":{"line":80,"column":6},"end":{"line":86,"column":7}}],"line":80},"13":{"loc":{"start":{"line":90,"column":6},"end":{"line":96,"column":7}},"type":"if","locations":[{"start":{"line":90,"column":6},"end":{"line":96,"column":7}},{"start":{"line":90,"column":6},"end":{"line":96,"column":7}}],"line":90}},"s":{"0":1,"1":3,"2":0,"3":3,"4":3,"5":3,"6":15,"7":2,"8":13,"9":13,"10":13,"11":13,"12":15,"13":15,"14":18,"15":18,"16":13,"17":4,"18":13,"19":13,"20":32,"21":6,"22":3,"23":4,"24":4,"25":4,"26":4,"27":3,"28":3,"29":4,"30":32,"31":5,"32":13,"33":18,"34":5,"35":13,"36":17,"37":4,"38":3,"39":1},"f":{"0":3,"1":15,"2":15,"3":18,"4":32,"5":4,"6":4},"b":{"0":[0,3],"1":[3,3],"2":[2,13],"3":[13,0],"4":[15,0],"5":[15,15],"6":[18,0],"7":[13,0],"8":[6,26],"9":[3,3],"10":[4,0],"11":[3,0],"12":[5,13],"13":[4,13]},"_coverageSchema":"43e27e138ebf9cfc5966b082cf9a028302ed4184","hash":"38a7cbf89bee407ffde9b559363a34ab5826d9a4","contentHash":"82c531c34f7fa4dcae488e10441a68f12c5b86de5cf5e3f4f1a178454aae1424"},"C:\\Users\\Vasiliki\\git\\gherkin-lint\\dist\\rules\\one-space-between-tags.js":{"path":"C:\\Users\\Vasiliki\\git\\gherkin-lint\\dist\\rules\\one-space-between-tags.js","statementMap":{"0":{"start":{"line":3,"column":8},"end":{"line":3,"column":25}},"1":{"start":{"line":5,"column":11},"end":{"line":5,"column":35}},"2":{"start":{"line":8,"column":2},"end":{"line":10,"column":3}},"3":{"start":{"line":9,"column":4},"end":{"line":9,"column":14}},"4":{"start":{"line":11,"column":15},"end":{"line":11,"column":17}},"5":{"start":{"line":14,"column":4},"end":{"line":24,"column":7}},"6":{"start":{"line":15,"column":6},"end":{"line":23,"column":9}},"7":{"start":{"line":16,"column":8},"end":{"line":22,"column":9}},"8":{"start":{"line":17,"column":10},"end":{"line":21,"column":13}},"9":{"start":{"line":27,"column":2},"end":{"line":27,"column":25}},"10":{"start":{"line":28,"column":2},"end":{"line":32,"column":5}},"11":{"start":{"line":29,"column":4},"end":{"line":31,"column":5}},"12":{"start":{"line":30,"column":6},"end":{"line":30,"column":27}},"13":{"start":{"line":34,"column":2},"end":{"line":34,"column":16}},"14":{"start":{"line":37,"column":0},"end":{"line":40,"column":2}}},"fnMap":{"0":{"name":"run","decl":{"start":{"line":7,"column":9},"end":{"line":7,"column":12}},"loc":{"start":{"line":7,"column":22},"end":{"line":35,"column":1}},"line":7},"1":{"name":"testTags","decl":{"start":{"line":13,"column":11},"end":{"line":13,"column":19}},"loc":{"start":{"line":13,"column":29},"end":{"line":25,"column":3}},"line":13},"2":{"name":"(anonymous_2)","decl":{"start":{"line":14,"column":74},"end":{"line":14,"column":75}},"loc":{"start":{"line":14,"column":90},"end":{"line":24,"column":5}},"line":14},"3":{"name":"(anonymous_3)","decl":{"start":{"line":15,"column":35},"end":{"line":15,"column":36}},"loc":{"start":{"line":15,"column":48},"end":{"line":23,"column":7}},"line":15},"4":{"name":"(anonymous_4)","decl":{"start":{"line":28,"column":27},"end":{"line":28,"column":28}},"loc":{"start":{"line":28,"column":44},"end":{"line":32,"column":3}},"line":28}},"branchMap":{"0":{"loc":{"start":{"line":8,"column":2},"end":{"line":10,"column":3}},"type":"if","locations":[{"start":{"line":8,"column":2},"end":{"line":10,"column":3}},{"start":{"line":8,"column":2},"end":{"line":10,"column":3}}],"line":8},"1":{"loc":{"start":{"line":8,"column":6},"end":{"line":8,"column":51}},"type":"binary-expr","locations":[{"start":{"line":8,"column":6},"end":{"line":8,"column":14}},{"start":{"line":8,"column":18},"end":{"line":8,"column":51}}],"line":8},"2":{"loc":{"start":{"line":16,"column":8},"end":{"line":22,"column":9}},"type":"if","locations":[{"start":{"line":16,"column":8},"end":{"line":22,"column":9}},{"start":{"line":16,"column":8},"end":{"line":22,"column":9}}],"line":16},"3":{"loc":{"start":{"line":29,"column":4},"end":{"line":31,"column":5}},"type":"if","locations":[{"start":{"line":29,"column":4},"end":{"line":31,"column":5}},{"start":{"line":29,"column":4},"end":{"line":31,"column":5}}],"line":29},"4":{"loc":{"start":{"line":29,"column":8},"end":{"line":29,"column":69}},"type":"binary-expr","locations":[{"start":{"line":29,"column":8},"end":{"line":29,"column":33}},{"start":{"line":29,"column":37},"end":{"line":29,"column":69}}],"line":29}},"s":{"0":1,"1":1,"2":2,"3":0,"4":2,"5":6,"6":10,"7":10,"8":4,"9":2,"10":2,"11":6,"12":4,"13":2,"14":1},"f":{"0":2,"1":6,"2":10,"3":10,"4":6},"b":{"0":[0,2],"1":[2,2],"2":[4,6],"3":[4,2],"4":[6,4]},"_coverageSchema":"43e27e138ebf9cfc5966b082cf9a028302ed4184","hash":"c18b688bc8111d30a83416ef6b4f1db720c025c6","contentHash":"87e940e7947d55dfb031e7686061e0f6b5cf61d6a0f874b3169bef2bd367e1cd"},"C:\\Users\\Vasiliki\\git\\gherkin-lint\\dist\\rules\\use-and.js":{"path":"C:\\Users\\Vasiliki\\git\\gherkin-lint\\dist\\rules\\use-and.js","statementMap":{"0":{"start":{"line":3,"column":11},"end":{"line":3,"column":20}},"1":{"start":{"line":6,"column":15},"end":{"line":6,"column":17}},"2":{"start":{"line":7,"column":2},"end":{"line":20,"column":3}},"3":{"start":{"line":8,"column":4},"end":{"line":19,"column":7}},"4":{"start":{"line":9,"column":28},"end":{"line":9,"column":37}},"5":{"start":{"line":10,"column":6},"end":{"line":18,"column":9}},"6":{"start":{"line":11,"column":8},"end":{"line":13,"column":9}},"7":{"start":{"line":12,"column":10},"end":{"line":12,"column":17}},"8":{"start":{"line":14,"column":8},"end":{"line":16,"column":9}},"9":{"start":{"line":15,"column":10},"end":{"line":15,"column":41}},"10":{"start":{"line":17,"column":8},"end":{"line":17,"column":39}},"11":{"start":{"line":22,"column":2},"end":{"line":22,"column":16}},"12":{"start":{"line":26,"column":2},"end":{"line":28,"column":31}},"13":{"start":{"line":31,"column":0},"end":{"line":34,"column":2}}},"fnMap":{"0":{"name":"useAnd","decl":{"start":{"line":5,"column":9},"end":{"line":5,"column":15}},"loc":{"start":{"line":5,"column":25},"end":{"line":23,"column":1}},"line":5},"1":{"name":"(anonymous_1)","decl":{"start":{"line":8,"column":29},"end":{"line":8,"column":30}},"loc":{"start":{"line":8,"column":46},"end":{"line":19,"column":5}},"line":8},"2":{"name":"(anonymous_2)","decl":{"start":{"line":10,"column":26},"end":{"line":10,"column":27}},"loc":{"start":{"line":10,"column":42},"end":{"line":18,"column":7}},"line":10},"3":{"name":"createError","decl":{"start":{"line":25,"column":9},"end":{"line":25,"column":20}},"loc":{"start":{"line":25,"column":27},"end":{"line":29,"column":1}},"line":25}},"branchMap":{"0":{"loc":{"start":{"line":7,"column":2},"end":{"line":20,"column":3}},"type":"if","locations":[{"start":{"line":7,"column":2},"end":{"line":20,"column":3}},{"start":{"line":7,"column":2},"end":{"line":20,"column":3}}],"line":7},"1":{"loc":{"start":{"line":7,"column":6},"end":{"line":7,"column":33}},"type":"binary-expr","locations":[{"start":{"line":7,"column":6},"end":{"line":7,"column":13}},{"start":{"line":7,"column":17},"end":{"line":7,"column":33}}],"line":7},"2":{"loc":{"start":{"line":11,"column":8},"end":{"line":13,"column":9}},"type":"if","locations":[{"start":{"line":11,"column":8},"end":{"line":13,"column":9}},{"start":{"line":11,"column":8},"end":{"line":13,"column":9}}],"line":11},"3":{"loc":{"start":{"line":14,"column":8},"end":{"line":16,"column":9}},"type":"if","locations":[{"start":{"line":14,"column":8},"end":{"line":16,"column":9}},{"start":{"line":14,"column":8},"end":{"line":16,"column":9}}],"line":14}},"s":{"0":1,"1":3,"2":3,"3":2,"4":6,"5":6,"6":54,"7":27,"8":27,"9":9,"10":27,"11":3,"12":9,"13":1},"f":{"0":3,"1":6,"2":54,"3":9},"b":{"0":[2,1],"1":[3,3],"2":[27,27],"3":[9,18]},"_coverageSchema":"43e27e138ebf9cfc5966b082cf9a028302ed4184","hash":"53835324c925b7f9fd7886be2feed698f020a031","contentHash":"4c12c5e78a5daf531b724bade8d67eb0787ddeb54af4bb5115ad7815c9877d44"},"C:\\Users\\Vasiliki\\git\\gherkin-lint\\dist\\config-parser.js":{"path":"C:\\Users\\Vasiliki\\git\\gherkin-lint\\dist\\config-parser.js","statementMap":{"0":{"start":{"line":3,"column":9},"end":{"line":3,"column":22}},"1":{"start":{"line":4,"column":19},"end":{"line":4,"column":50}},"2":{"start":{"line":5,"column":13},"end":{"line":5,"column":35}},"3":{"start":{"line":6,"column":28},"end":{"line":6,"column":45}},"4":{"start":{"line":9,"column":2},"end":{"line":20,"column":3}},"5":{"start":{"line":10,"column":4},"end":{"line":13,"column":5}},"6":{"start":{"line":11,"column":6},"end":{"line":11,"column":84}},"7":{"start":{"line":12,"column":6},"end":{"line":12,"column":29}},"8":{"start":{"line":15,"column":4},"end":{"line":18,"column":5}},"9":{"start":{"line":16,"column":6},"end":{"line":16,"column":195}},"10":{"start":{"line":17,"column":6},"end":{"line":17,"column":29}},"11":{"start":{"line":19,"column":4},"end":{"line":19,"column":39}},"12":{"start":{"line":21,"column":15},"end":{"line":21,"column":54}},"13":{"start":{"line":22,"column":15},"end":{"line":22,"column":56}},"14":{"start":{"line":24,"column":2},"end":{"line":30,"column":3}},"15":{"start":{"line":25,"column":4},"end":{"line":25,"column":56}},"16":{"start":{"line":26,"column":4},"end":{"line":28,"column":7}},"17":{"start":{"line":27,"column":6},"end":{"line":27,"column":33}},"18":{"start":{"line":29,"column":4},"end":{"line":29,"column":20}},"19":{"start":{"line":32,"column":2},"end":{"line":32,"column":16}},"20":{"start":{"line":35,"column":0},"end":{"line":38,"column":2}}},"fnMap":{"0":{"name":"getConfiguration","decl":{"start":{"line":8,"column":9},"end":{"line":8,"column":25}},"loc":{"start":{"line":8,"column":59},"end":{"line":33,"column":1}},"line":8},"1":{"name":"(anonymous_1)","decl":{"start":{"line":26,"column":19},"end":{"line":26,"column":20}},"loc":{"start":{"line":26,"column":36},"end":{"line":28,"column":5}},"line":26}},"branchMap":{"0":{"loc":{"start":{"line":9,"column":2},"end":{"line":20,"column":3}},"type":"if","locations":[{"start":{"line":9,"column":2},"end":{"line":20,"column":3}},{"start":{"line":9,"column":2},"end":{"line":20,"column":3}}],"line":9},"1":{"loc":{"start":{"line":10,"column":4},"end":{"line":13,"column":5}},"type":"if","locations":[{"start":{"line":10,"column":4},"end":{"line":13,"column":5}},{"start":{"line":10,"column":4},"end":{"line":13,"column":5}}],"line":10},"2":{"loc":{"start":{"line":15,"column":4},"end":{"line":18,"column":5}},"type":"if","locations":[{"start":{"line":15,"column":4},"end":{"line":18,"column":5}},{"start":{"line":15,"column":4},"end":{"line":18,"column":5}}],"line":15},"3":{"loc":{"start":{"line":24,"column":2},"end":{"line":30,"column":3}},"type":"if","locations":[{"start":{"line":24,"column":2},"end":{"line":30,"column":3}},{"start":{"line":24,"column":2},"end":{"line":30,"column":3}}],"line":24}},"s":{"0":1,"1":1,"2":1,"3":1,"4":6,"5":4,"6":1,"7":1,"8":2,"9":2,"10":2,"11":0,"12":3,"13":3,"14":3,"15":1,"16":1,"17":1,"18":1,"19":3,"20":1},"f":{"0":6,"1":1},"b":{"0":[4,2],"1":[1,3],"2":[2,0],"3":[1,2]},"_coverageSchema":"43e27e138ebf9cfc5966b082cf9a028302ed4184","hash":"2005088150a006fbf5f5f1801dabb3858b22241e","contentHash":"a37df62d88f30aaba5a47a2f4c01c8eb6c131290230304882a939f38e0f95493"},"C:\\Users\\Vasiliki\\git\\gherkin-lint\\dist\\rules\\no-scenario-outlines-without-examples.js":{"path":"C:\\Users\\Vasiliki\\git\\gherkin-lint\\dist\\rules\\no-scenario-outlines-without-examples.js","statementMap":{"0":{"start":{"line":3,"column":11},"end":{"line":3,"column":50}},"1":{"start":{"line":6,"column":2},"end":{"line":16,"column":3}},"2":{"start":{"line":7,"column":17},"end":{"line":7,"column":19}},"3":{"start":{"line":8,"column":4},"end":{"line":14,"column":7}},"4":{"start":{"line":9,"column":6},"end":{"line":13,"column":7}},"5":{"start":{"line":10,"column":8},"end":{"line":12,"column":42}},"6":{"start":{"line":15,"column":4},"end":{"line":15,"column":18}},"7":{"start":{"line":19,"column":0},"end":{"line":22,"column":2}}},"fnMap":{"0":{"name":"noScenarioOutlinesWithoutExamples","decl":{"start":{"line":5,"column":9},"end":{"line":5,"column":42}},"loc":{"start":{"line":5,"column":52},"end":{"line":17,"column":1}},"line":5},"1":{"name":"(anonymous_1)","decl":{"start":{"line":8,"column":29},"end":{"line":8,"column":30}},"loc":{"start":{"line":8,"column":49},"end":{"line":14,"column":5}},"line":8}},"branchMap":{"0":{"loc":{"start":{"line":6,"column":2},"end":{"line":16,"column":3}},"type":"if","locations":[{"start":{"line":6,"column":2},"end":{"line":16,"column":3}},{"start":{"line":6,"column":2},"end":{"line":16,"column":3}}],"line":6},"1":{"loc":{"start":{"line":9,"column":6},"end":{"line":13,"column":7}},"type":"if","locations":[{"start":{"line":9,"column":6},"end":{"line":13,"column":7}},{"start":{"line":9,"column":6},"end":{"line":13,"column":7}}],"line":9},"2":{"loc":{"start":{"line":9,"column":10},"end":{"line":9,"column":74}},"type":"binary-expr","locations":[{"start":{"line":9,"column":10},"end":{"line":9,"column":45}},{"start":{"line":9,"column":49},"end":{"line":9,"column":74}}],"line":9}},"s":{"0":1,"1":0,"2":0,"3":0,"4":0,"5":0,"6":0,"7":1},"f":{"0":0,"1":0},"b":{"0":[0,0],"1":[0,0],"2":[0,0]},"_coverageSchema":"43e27e138ebf9cfc5966b082cf9a028302ed4184","hash":"56d87eaf0692f44afb070520645f59b444ac5c93","contentHash":"40db42724c38fa461147e56c631514cbc46c6b1b0eb4fba71329b01002bf6d11"}}